[2019/08/13 20:56:55 580] isr        1547 ASR_MSG_AUW,   cloud  
[2019/08/13 20:56:55 580] isr        1559 3200  1  
[2019/08/13 20:56:55 580] isr        1569 once_bytes:   3200  
[2019/08/13 20:56:55 581] isr        1547 ASR_MSG_AUW,   cloud  
[2019/08/13 20:56:55 581] isr        1559 3200  2  
[2019/08/13 20:56:55 583] isr        851  [aud] speech start  
[2019/08/13 20:56:55 583] isr        798  1  msc  
[2019/08/13 20:56:55 650] isr        700  cloud_status_cb, eps:  1  
[2019/08/13 20:56:55 650] isr        798  1  cloud  
[2019/08/13 20:56:55 650] isr        813  cloud eps ignored  
[2019/08/13 20:56:55 741] isr        1547 ASR_MSG_AUW,   cloud  
[2019/08/13 20:56:55 741] isr        1559 3200  2  
[2019/08/13 20:56:55 742] isr        1547 ASR_MSG_AUW,   cloud  
[2019/08/13 20:56:55 743] isr        1559 3200  2  
[2019/08/13 20:56:55 904] isr        1547 ASR_MSG_AUW,   cloud  
[2019/08/13 20:56:55 904] isr        1559 3200  2  
[2019/08/13 20:56:56 062] isr        1547 ASR_MSG_AUW,   cloud  
[2019/08/13 20:56:56 062] isr        1559 3200  2  
[2019/08/13 20:56:56 063] isr        1547 ASR_MSG_AUW,   cloud  
[2019/08/13 20:56:56 063] isr        1559 3200  2  
[2019/08/13 20:56:56 230] isr        1547 ASR_MSG_AUW,   cloud  
[2019/08/13 20:56:56 231] isr        1559 3200  2  
[2019/08/13 20:56:56 390] isr        1547 ASR_MSG_AUW,   cloud  
[2019/08/13 20:56:56 391] isr        1559 3200  2  
[2019/08/13 20:56:56 391] isr        1547 ASR_MSG_AUW,   cloud  
[2019/08/13 20:56:56 391] isr        1559 3200  2  
[2019/08/13 20:56:56 552] isr        1547 ASR_MSG_AUW,   cloud  
[2019/08/13 20:56:56 553] isr        1559 3200  2  
[2019/08/13 20:56:56 553] isr        1547 ASR_MSG_AUW,   cloud  
[2019/08/13 20:56:56 553] isr        1559 3200  2  
[2019/08/13 20:56:56 702] isr        1547 ASR_MSG_AUW,   cloud  
[2019/08/13 20:56:56 702] isr        1559 3200  2  
[2019/08/13 20:56:56 866] isr        1547 ASR_MSG_AUW,   cloud  
[2019/08/13 20:56:56 866] isr        1559 3200  2  
[2019/08/13 20:56:56 867] isr        1547 ASR_MSG_AUW,   cloud  
[2019/08/13 20:56:56 867] isr        1559 3200  2  
[2019/08/13 20:56:57 029] isr        1547 ASR_MSG_AUW,   cloud  
[2019/08/13 20:56:57 029] isr        1559 3200  2  
[2019/08/13 20:56:57 194] isr        1547 ASR_MSG_AUW,   cloud  
[2019/08/13 20:56:57 195] isr        1559 3200  2  
[2019/08/13 20:56:57 197] isr        1547 ASR_MSG_AUW,   cloud  
[2019/08/13 20:56:57 197] isr        1559 3200  2  
[2019/08/13 20:56:57 355] isr        1547 ASR_MSG_AUW,   cloud  
[2019/08/13 20:56:57 355] isr        1559 3200  2  
[2019/08/13 20:56:57 356] isr        1547 ASR_MSG_AUW,   cloud  
[2019/08/13 20:56:57 356] isr        1559 3200  2  
[2019/08/13 20:56:57 519] isr        1547 ASR_MSG_AUW,   cloud  
[2019/08/13 20:56:57 519] isr        1559 3200  2  
[2019/08/13 20:56:57 682] isr        1547 ASR_MSG_AUW,   cloud  
[2019/08/13 20:56:57 682] isr        1559 3200  2  
[2019/08/13 20:56:57 683] isr        1547 ASR_MSG_AUW,   cloud  
[2019/08/13 20:56:57 683] isr        1559 3200  2  
[2019/08/13 20:56:57 845] isr        1547 ASR_MSG_AUW,   cloud  
[2019/08/13 20:56:57 845] isr        1559 3200  2  
[2019/08/13 20:56:57 846] isr        1547 ASR_MSG_AUW,   cloud  
[2019/08/13 20:56:57 846] isr        1559 3200  2  
[2019/08/13 20:56:57 983] isr        1547 ASR_MSG_AUW,   cloud  
[2019/08/13 20:56:57 983] isr        1559 3200  2  
[2019/08/13 20:56:58 146] isr        1547 ASR_MSG_AUW,   cloud  
[2019/08/13 20:56:58 146] isr        1559 3200  2  
[2019/08/13 20:56:58 147] isr        1547 ASR_MSG_AUW,   cloud  
[2019/08/13 20:56:58 147] isr        1559 3200  2  
[2019/08/13 20:56:58 161] isr        662  cloud_rslt_cb status =   0  
[2019/08/13 20:56:58 161] isr        641  process_result call:  cloud  udata(54034ad8) 0  nil  
[2019/08/13 20:56:58 309] isr        1547 ASR_MSG_AUW,   cloud  
[2019/08/13 20:56:58 310] isr        1559 3200  2  
[2019/08/13 20:56:58 473] isr        1547 ASR_MSG_AUW,   cloud  
[2019/08/13 20:56:58 474] isr        1559 3200  2  
[2019/08/13 20:56:58 475] isr        1636 ASR_MSG_GRSLT,   cloud  
[2019/08/13 20:56:58 475] isr        1335 0  udata(54034ad8) 0  
[2019/08/13 20:56:58 476] isr        1547 ASR_MSG_AUW,   cloud  
[2019/08/13 20:56:58 476] isr        1559 3200  2  
[2019/08/13 20:56:58 477] isr        1636 ASR_MSG_GRSLT,   cloud  
[2019/08/13 20:56:58 477] isr        1335 0  nil  2  
[2019/08/13 20:56:58 636] isr        1547 ASR_MSG_AUW,   cloud  
[2019/08/13 20:56:58 636] isr        1559 3200  2  
[2019/08/13 20:56:58 800] isr        1547 ASR_MSG_AUW,   cloud  
[2019/08/13 20:56:58 800] isr        1559 3200  2  
[2019/08/13 20:56:58 801] isr        1547 ASR_MSG_AUW,   cloud  
[2019/08/13 20:56:58 802] isr        1559 3200  2  
[2019/08/13 20:56:58 963] isr        1547 ASR_MSG_AUW,   cloud  
[2019/08/13 20:56:58 963] isr        1559 3200  2  
[2019/08/13 20:56:58 964] isr        1547 ASR_MSG_AUW,   cloud  
[2019/08/13 20:56:58 964] isr        1559 3200  2  
[2019/08/13 20:56:59 127] isr        1547 ASR_MSG_AUW,   cloud  
[2019/08/13 20:56:59 127] isr        1559 3200  2  
[2019/08/13 20:56:59 130] isr        854  [aud] speech end  
[2019/08/13 20:56:59 130] isr        798  3  msc  
[2019/08/13 20:56:59 131] isr        864  aud end, MSC VAD  
[2019/08/13 20:56:59 246] isr        700  cloud_status_cb, eps:  3  
[2019/08/13 20:56:59 246] isr        798  3  cloud  
[2019/08/13 20:56:59 246] isr        800  already speech end  
[2019/08/13 20:56:59 250] isr        662  cloud_rslt_cb status =   5  
[2019/08/13 20:56:59 250] isr        641  process_result call:  cloud  udata(54038528) 5  nil  
[2019/08/13 20:56:59 250] isr        798  3  msc  
[2019/08/13 20:56:59 250] isr        800  already speech end  
[2019/08/13 20:56:59 289] isr        1547 ASR_MSG_AUW,   cloud  
[2019/08/13 20:56:59 289] isr        1559 3200  2  
[2019/08/13 20:56:59 290] isr        1636 ASR_MSG_GRSLT,   cloud  
[2019/08/13 20:56:59 290] isr        1335 0  udata(54038528) 5  
[2019/08/13 20:56:59 391] isr        1639 ASR_MSG_SSE,   cloud  
[2019/08/13 20:56:59 391] isr        1356 session_end() [in]  
[2019/08/13 20:56:59 391] isr        1421 cloud_session_end() [in]  
[2019/08/13 20:56:59 393] isr        1488 ns_host=  open.xf-yun.com  
[2019/08/13 20:56:59 394] isr        1498 tick()mod=  17534332  
[2019/08/13 20:56:59 394] isr        1499 tick()=  17534332  
[2019/08/13 20:56:59 394] isr        1501 diff=  3776  
[2019/08/13 20:56:59 394] isr        1514 cloud_session_end() [out]  
[2019/08/13 20:56:59 395] isr        1667 isr unload!  
============================================================
Time  2019/08/13 20:57:12 801 
============================================================
[2019/08/13 20:57:12 801] isr        1659 isr loaded!  
[2019/08/13 20:57:12 802] isr        1642 SYS_MSG_REGCB param0 =   msp_status_cb  param1 =   func(3402d170) 
[2019/08/13 20:57:12 802] isr        1537 ASR_MSG_SSB  
[2019/08/13 20:57:12 802] isr        1066 session_begin() [in], params:   sub = iat, domain = iat, language = zh_cn, accent = mandarin, sample_rate = 16000, result_type = plain, result_encoding = utf8  nil  
[2019/08/13 20:57:12 802] isr        927  vad_set [in]  
[2019/08/13 20:57:12 802] isr        962  vad_enable :  true  
[2019/08/13 20:57:12 802] isr        980  vad_bos :  10000  
[2019/08/13 20:57:12 802] isr        981  vad_eos :  2000  
[2019/08/13 20:57:12 802] isr        886  enable_vad [in]  
[2019/08/13 20:57:12 803] isr        918  vad enabled!  2000  10000  
[2019/08/13 20:57:12 803] isr        921  enable_vad [out]  
[2019/08/13 20:57:12 803] isr        987  vad_set [out] | ret =  0  
[2019/08/13 20:57:12 803] isr        1187 cur_engine_type =   cloud  
[2019/08/13 20:57:12 803] isr        1001 cloud_session_begin  
[2019/08/13 20:57:12 804] isr        1013 standard  
[2019/08/13 20:57:13 041] isr        1547 ASR_MSG_AUW,   cloud  
[2019/08/13 20:57:13 041] isr        1559 3200  1  
[2019/08/13 20:57:13 041] isr        1569 once_bytes:   3200  
[2019/08/13 20:57:13 042] isr        1547 ASR_MSG_AUW,   cloud  
[2019/08/13 20:57:13 042] isr        1559 3200  2  
[2019/08/13 20:57:13 043] isr        851  [aud] speech start  
[2019/08/13 20:57:13 043] isr        798  1  msc  
[2019/08/13 20:57:13 111] isr        700  cloud_status_cb, eps:  1  
[2019/08/13 20:57:13 111] isr        798  1  cloud  
[2019/08/13 20:57:13 111] isr        813  cloud eps ignored  
[2019/08/13 20:57:13 201] isr        1547 ASR_MSG_AUW,   cloud  
[2019/08/13 20:57:13 202] isr        1559 3200  2  
[2019/08/13 20:57:13 203] isr        1547 ASR_MSG_AUW,   cloud  
[2019/08/13 20:57:13 203] isr        1559 3200  2  
[2019/08/13 20:57:13 364] isr        1547 ASR_MSG_AUW,   cloud  
[2019/08/13 20:57:13 364] isr        1559 3200  2  
[2019/08/13 20:57:13 522] isr        1547 ASR_MSG_AUW,   cloud  
[2019/08/13 20:57:13 522] isr        1559 3200  2  
[2019/08/13 20:57:13 523] isr        1547 ASR_MSG_AUW,   cloud  
[2019/08/13 20:57:13 523] isr        1559 3200  2  
[2019/08/13 20:57:13 685] isr        1547 ASR_MSG_AUW,   cloud  
[2019/08/13 20:57:13 685] isr        1559 3200  2  
[2019/08/13 20:57:13 848] isr        1547 ASR_MSG_AUW,   cloud  
[2019/08/13 20:57:13 848] isr        1559 3200  2  
[2019/08/13 20:57:13 850] isr        1547 ASR_MSG_AUW,   cloud  
[2019/08/13 20:57:13 850] isr        1559 3200  2  
[2019/08/13 20:57:14 011] isr        1547 ASR_MSG_AUW,   cloud  
[2019/08/13 20:57:14 011] isr        1559 3200  2  
[2019/08/13 20:57:14 012] isr        1547 ASR_MSG_AUW,   cloud  
[2019/08/13 20:57:14 012] isr        1559 3200  2  
[2019/08/13 20:57:14 162] isr        1547 ASR_MSG_AUW,   cloud  
[2019/08/13 20:57:14 162] isr        1559 3200  2  
[2019/08/13 20:57:14 326] isr        1547 ASR_MSG_AUW,   cloud  
[2019/08/13 20:57:14 327] isr        1559 3200  2  
[2019/08/13 20:57:14 328] isr        1547 ASR_MSG_AUW,   cloud  
[2019/08/13 20:57:14 328] isr        1559 3200  2  
[2019/08/13 20:57:14 490] isr        1547 ASR_MSG_AUW,   cloud  
[2019/08/13 20:57:14 490] isr        1559 3200  2  
[2019/08/13 20:57:14 653] isr        1547 ASR_MSG_AUW,   cloud  
[2019/08/13 20:57:14 654] isr        1559 3200  2  
[2019/08/13 20:57:14 655] isr        1547 ASR_MSG_AUW,   cloud  
[2019/08/13 20:57:14 655] isr        1559 3200  2  
[2019/08/13 20:57:14 714] isr        662  cloud_rslt_cb status =   0  
[2019/08/13 20:57:14 714] isr        641  process_result call:  cloud  udata(340342e8) 0  nil  
[2019/08/13 20:57:14 816] isr        1547 ASR_MSG_AUW,   cloud  
[2019/08/13 20:57:14 816] isr        1559 3200  2  
[2019/08/13 20:57:14 818] isr        1547 ASR_MSG_AUW,   cloud  
[2019/08/13 20:57:14 818] isr        1559 3200  2  
[2019/08/13 20:57:14 979] isr        1547 ASR_MSG_AUW,   cloud  
[2019/08/13 20:57:14 979] isr        1559 3200  2  
[2019/08/13 20:57:14 979] isr        1636 ASR_MSG_GRSLT,   cloud  
[2019/08/13 20:57:14 979] isr        1335 0  udata(340342e8) 0  
[2019/08/13 20:57:15 143] isr        1547 ASR_MSG_AUW,   cloud  
[2019/08/13 20:57:15 143] isr        1559 3200  2  
[2019/08/13 20:57:15 147] isr        1636 ASR_MSG_GRSLT,   cloud  
[2019/08/13 20:57:15 147] isr        1335 0  nil  2  
[2019/08/13 20:57:15 148] isr        1547 ASR_MSG_AUW,   cloud  
[2019/08/13 20:57:15 148] isr        1559 3200  2  
[2019/08/13 20:57:15 307] isr        1547 ASR_MSG_AUW,   cloud  
[2019/08/13 20:57:15 307] isr        1559 3200  2  
[2019/08/13 20:57:15 309] isr        1547 ASR_MSG_AUW,   cloud  
[2019/08/13 20:57:15 310] isr        1559 3200  2  
[2019/08/13 20:57:15 443] isr        1547 ASR_MSG_AUW,   cloud  
[2019/08/13 20:57:15 443] isr        1559 3200  2  
[2019/08/13 20:57:15 607] isr        1547 ASR_MSG_AUW,   cloud  
[2019/08/13 20:57:15 607] isr        1559 3200  2  
[2019/08/13 20:57:15 608] isr        1547 ASR_MSG_AUW,   cloud  
[2019/08/13 20:57:15 608] isr        1559 3200  2  
[2019/08/13 20:57:15 770] isr        1547 ASR_MSG_AUW,   cloud  
[2019/08/13 20:57:15 770] isr        1559 3200  2  
[2019/08/13 20:57:15 771] isr        854  [aud] speech end  
[2019/08/13 20:57:15 772] isr        798  3  msc  
[2019/08/13 20:57:15 772] isr        864  aud end, MSC VAD  
[2019/08/13 20:57:15 853] isr        700  cloud_status_cb, eps:  3  
[2019/08/13 20:57:15 854] isr        798  3  cloud  
[2019/08/13 20:57:15 854] isr        800  already speech end  
[2019/08/13 20:57:15 858] isr        662  cloud_rslt_cb status =   5  
[2019/08/13 20:57:15 858] isr        641  process_result call:  cloud  udata(340367a8) 5  nil  
[2019/08/13 20:57:15 858] isr        798  3  msc  
[2019/08/13 20:57:15 858] isr        800  already speech end  
[2019/08/13 20:57:15 933] isr        1547 ASR_MSG_AUW,   cloud  
[2019/08/13 20:57:15 933] isr        1559 3200  2  
[2019/08/13 20:57:15 935] isr        1636 ASR_MSG_GRSLT,   cloud  
[2019/08/13 20:57:15 935] isr        1335 0  udata(340367a8) 5  
[2019/08/13 20:57:16 037] isr        1639 ASR_MSG_SSE,   cloud  
[2019/08/13 20:57:16 037] isr        1356 session_end() [in]  
[2019/08/13 20:57:16 037] isr        1421 cloud_session_end() [in]  
[2019/08/13 20:57:16 040] isr        1488 ns_host=  open.xf-yun.com  
[2019/08/13 20:57:16 041] isr        1498 tick()mod=  17550979  
[2019/08/13 20:57:16 041] isr        1499 tick()=  17550979  
[2019/08/13 20:57:16 041] isr        1501 diff=  3033  
[2019/08/13 20:57:16 041] isr        1514 cloud_session_end() [out]  
[2019/08/13 20:57:16 042] isr        1667 isr unload!  
============================================================
Time  2019/08/13 20:58:43 188 
============================================================
[2019/08/13 20:58:43 188] isr        1659 isr loaded!  
[2019/08/13 20:58:43 189] isr        1642 SYS_MSG_REGCB param0 =   msp_status_cb  param1 =   func(a002d140) 
[2019/08/13 20:58:43 189] isr        1537 ASR_MSG_SSB  
[2019/08/13 20:58:43 189] isr        1066 session_begin() [in], params:   sub = iat, domain = iat, language = zh_cn, accent = mandarin, sample_rate = 16000, result_type = plain, result_encoding = utf8  nil  
[2019/08/13 20:58:43 189] isr        927  vad_set [in]  
[2019/08/13 20:58:43 189] isr        962  vad_enable :  true  
[2019/08/13 20:58:43 189] isr        980  vad_bos :  10000  
[2019/08/13 20:58:43 189] isr        981  vad_eos :  2000  
[2019/08/13 20:58:43 189] isr        886  enable_vad [in]  
[2019/08/13 20:58:43 190] isr        918  vad enabled!  2000  10000  
[2019/08/13 20:58:43 190] isr        921  enable_vad [out]  
[2019/08/13 20:58:43 190] isr        987  vad_set [out] | ret =  0  
[2019/08/13 20:58:43 190] isr        1187 cur_engine_type =   cloud  
[2019/08/13 20:58:43 190] isr        1001 cloud_session_begin  
[2019/08/13 20:58:43 190] isr        1013 standard  
[2019/08/13 20:58:43 427] isr        1547 ASR_MSG_AUW,   cloud  
[2019/08/13 20:58:43 427] isr        1559 3200  1  
[2019/08/13 20:58:43 427] isr        1569 once_bytes:   3200  
[2019/08/13 20:58:43 428] isr        1547 ASR_MSG_AUW,   cloud  
[2019/08/13 20:58:43 428] isr        1559 3200  2  
[2019/08/13 20:58:43 430] isr        851  [aud] speech start  
[2019/08/13 20:58:43 430] isr        798  1  msc  
[2019/08/13 20:58:43 495] isr        700  cloud_status_cb, eps:  1  
[2019/08/13 20:58:43 495] isr        798  1  cloud  
[2019/08/13 20:58:43 496] isr        813  cloud eps ignored  
[2019/08/13 20:58:43 588] isr        1547 ASR_MSG_AUW,   cloud  
[2019/08/13 20:58:43 588] isr        1559 3200  2  
[2019/08/13 20:58:43 589] isr        1547 ASR_MSG_AUW,   cloud  
[2019/08/13 20:58:43 589] isr        1559 3200  2  
[2019/08/13 20:58:43 752] isr        1547 ASR_MSG_AUW,   cloud  
[2019/08/13 20:58:43 752] isr        1559 3200  2  
[2019/08/13 20:58:43 908] isr        1547 ASR_MSG_AUW,   cloud  
[2019/08/13 20:58:43 908] isr        1559 3200  2  
[2019/08/13 20:58:43 909] isr        1547 ASR_MSG_AUW,   cloud  
[2019/08/13 20:58:43 909] isr        1559 3200  2  
[2019/08/13 20:58:44 071] isr        1547 ASR_MSG_AUW,   cloud  
[2019/08/13 20:58:44 072] isr        1559 3200  2  
[2019/08/13 20:58:44 235] isr        1547 ASR_MSG_AUW,   cloud  
[2019/08/13 20:58:44 235] isr        1559 3200  2  
[2019/08/13 20:58:44 237] isr        1547 ASR_MSG_AUW,   cloud  
[2019/08/13 20:58:44 237] isr        1559 3200  2  
[2019/08/13 20:58:44 399] isr        1547 ASR_MSG_AUW,   cloud  
[2019/08/13 20:58:44 399] isr        1559 3200  2  
[2019/08/13 20:58:44 401] isr        1547 ASR_MSG_AUW,   cloud  
[2019/08/13 20:58:44 401] isr        1559 3200  2  
[2019/08/13 20:58:44 549] isr        1547 ASR_MSG_AUW,   cloud  
[2019/08/13 20:58:44 549] isr        1559 3200  2  
[2019/08/13 20:58:44 712] isr        1547 ASR_MSG_AUW,   cloud  
[2019/08/13 20:58:44 712] isr        1559 3200  2  
[2019/08/13 20:58:44 713] isr        1547 ASR_MSG_AUW,   cloud  
[2019/08/13 20:58:44 713] isr        1559 3200  2  
[2019/08/13 20:58:44 875] isr        1547 ASR_MSG_AUW,   cloud  
[2019/08/13 20:58:44 876] isr        1559 3200  2  
[2019/08/13 20:58:45 040] isr        1547 ASR_MSG_AUW,   cloud  
[2019/08/13 20:58:45 040] isr        1559 3200  2  
[2019/08/13 20:58:45 041] isr        1547 ASR_MSG_AUW,   cloud  
[2019/08/13 20:58:45 041] isr        1559 3200  2  
[2019/08/13 20:58:45 202] isr        1547 ASR_MSG_AUW,   cloud  
[2019/08/13 20:58:45 202] isr        1559 3200  2  
[2019/08/13 20:58:45 204] isr        1547 ASR_MSG_AUW,   cloud  
[2019/08/13 20:58:45 204] isr        1559 3200  2  
[2019/08/13 20:58:45 366] isr        1547 ASR_MSG_AUW,   cloud  
[2019/08/13 20:58:45 366] isr        1559 3200  2  
[2019/08/13 20:58:45 530] isr        1547 ASR_MSG_AUW,   cloud  
[2019/08/13 20:58:45 530] isr        1559 3200  2  
[2019/08/13 20:58:45 531] isr        1547 ASR_MSG_AUW,   cloud  
[2019/08/13 20:58:45 532] isr        1559 3200  2  
[2019/08/13 20:58:45 694] isr        1547 ASR_MSG_AUW,   cloud  
[2019/08/13 20:58:45 694] isr        1559 3200  2  
[2019/08/13 20:58:45 695] isr        1547 ASR_MSG_AUW,   cloud  
[2019/08/13 20:58:45 695] isr        1559 3200  2  
[2019/08/13 20:58:45 735] isr        662  cloud_rslt_cb status =   0  
[2019/08/13 20:58:45 736] isr        641  process_result call:  cloud  udata(a0036228) 0  nil  
[2019/08/13 20:58:45 830] isr        1547 ASR_MSG_AUW,   cloud  
[2019/08/13 20:58:45 830] isr        1559 3200  2  
[2019/08/13 20:58:45 994] isr        1547 ASR_MSG_AUW,   cloud  
[2019/08/13 20:58:45 994] isr        1559 3200  2  
[2019/08/13 20:58:45 994] isr        1636 ASR_MSG_GRSLT,   cloud  
[2019/08/13 20:58:45 995] isr        1335 0  udata(a0036228) 0  
[2019/08/13 20:58:45 996] isr        1547 ASR_MSG_AUW,   cloud  
[2019/08/13 20:58:45 996] isr        1559 3200  2  
[2019/08/13 20:58:45 996] isr        1636 ASR_MSG_GRSLT,   cloud  
[2019/08/13 20:58:45 996] isr        1335 0  nil  2  
[2019/08/13 20:58:46 157] isr        1547 ASR_MSG_AUW,   cloud  
[2019/08/13 20:58:46 157] isr        1559 3200  2  
[2019/08/13 20:58:46 320] isr        1547 ASR_MSG_AUW,   cloud  
[2019/08/13 20:58:46 320] isr        1559 3200  2  
[2019/08/13 20:58:46 321] isr        1547 ASR_MSG_AUW,   cloud  
[2019/08/13 20:58:46 321] isr        1559 3200  2  
[2019/08/13 20:58:46 483] isr        1547 ASR_MSG_AUW,   cloud  
[2019/08/13 20:58:46 484] isr        1559 3200  2  
[2019/08/13 20:58:46 646] isr        1547 ASR_MSG_AUW,   cloud  
[2019/08/13 20:58:46 646] isr        1559 3200  2  
[2019/08/13 20:58:46 648] isr        1547 ASR_MSG_AUW,   cloud  
[2019/08/13 20:58:46 648] isr        1559 3200  2  
[2019/08/13 20:58:46 810] isr        1547 ASR_MSG_AUW,   cloud  
[2019/08/13 20:58:46 810] isr        1559 3200  2  
[2019/08/13 20:58:46 811] isr        1547 ASR_MSG_AUW,   cloud  
[2019/08/13 20:58:46 811] isr        1559 3200  2  
[2019/08/13 20:58:46 813] isr        854  [aud] speech end  
[2019/08/13 20:58:46 813] isr        798  3  msc  
[2019/08/13 20:58:46 813] isr        864  aud end, MSC VAD  
[2019/08/13 20:58:46 893] isr        700  cloud_status_cb, eps:  3  
[2019/08/13 20:58:46 893] isr        798  3  cloud  
[2019/08/13 20:58:46 893] isr        800  already speech end  
[2019/08/13 20:58:46 897] isr        662  cloud_rslt_cb status =   5  
[2019/08/13 20:58:46 897] isr        641  process_result call:  cloud  udata(a0038688) 5  nil  
[2019/08/13 20:58:46 897] isr        798  3  msc  
[2019/08/13 20:58:46 897] isr        800  already speech end  
[2019/08/13 20:58:46 973] isr        1547 ASR_MSG_AUW,   cloud  
[2019/08/13 20:58:46 973] isr        1559 3200  2  
[2019/08/13 20:58:46 974] isr        1636 ASR_MSG_GRSLT,   cloud  
[2019/08/13 20:58:46 974] isr        1335 0  udata(a0038688) 5  
[2019/08/13 20:58:47 075] isr        1639 ASR_MSG_SSE,   cloud  
[2019/08/13 20:58:47 075] isr        1356 session_end() [in]  
[2019/08/13 20:58:47 076] isr        1421 cloud_session_end() [in]  
[2019/08/13 20:58:47 078] isr        1488 ns_host=  open.xf-yun.com  
[2019/08/13 20:58:47 079] isr        1498 tick()mod=  17642017  
[2019/08/13 20:58:47 079] isr        1499 tick()=  17642017  
[2019/08/13 20:58:47 079] isr        1501 diff=  2677  
[2019/08/13 20:58:47 079] isr        1514 cloud_session_end() [out]  
[2019/08/13 20:58:47 080] isr        1667 isr unload!  
============================================================
Time  2019/08/13 20:58:53 321 
============================================================
[2019/08/13 20:58:53 322] isr        1659 isr loaded!  
[2019/08/13 20:58:53 322] isr        1642 SYS_MSG_REGCB param0 =   msp_status_cb  param1 =   func(2402d180) 
[2019/08/13 20:58:53 322] isr        1537 ASR_MSG_SSB  
[2019/08/13 20:58:53 322] isr        1066 session_begin() [in], params:   sub = iat, domain = iat, language = zh_cn, accent = mandarin, sample_rate = 16000, result_type = plain, result_encoding = utf8  nil  
[2019/08/13 20:58:53 322] isr        927  vad_set [in]  
[2019/08/13 20:58:53 322] isr        962  vad_enable :  true  
[2019/08/13 20:58:53 322] isr        980  vad_bos :  10000  
[2019/08/13 20:58:53 322] isr        981  vad_eos :  2000  
[2019/08/13 20:58:53 322] isr        886  enable_vad [in]  
[2019/08/13 20:58:53 324] isr        918  vad enabled!  2000  10000  
[2019/08/13 20:58:53 324] isr        921  enable_vad [out]  
[2019/08/13 20:58:53 324] isr        987  vad_set [out] | ret =  0  
[2019/08/13 20:58:53 324] isr        1187 cur_engine_type =   cloud  
[2019/08/13 20:58:53 324] isr        1001 cloud_session_begin  
[2019/08/13 20:58:53 324] isr        1013 standard  
[2019/08/13 20:58:53 560] isr        1547 ASR_MSG_AUW,   cloud  
[2019/08/13 20:58:53 560] isr        1559 3200  1  
[2019/08/13 20:58:53 560] isr        1569 once_bytes:   3200  
[2019/08/13 20:58:53 561] isr        1547 ASR_MSG_AUW,   cloud  
[2019/08/13 20:58:53 561] isr        1559 3200  2  
[2019/08/13 20:58:53 562] isr        851  [aud] speech start  
[2019/08/13 20:58:53 562] isr        798  1  msc  
[2019/08/13 20:58:53 647] isr        700  cloud_status_cb, eps:  1  
[2019/08/13 20:58:53 647] isr        798  1  cloud  
[2019/08/13 20:58:53 647] isr        813  cloud eps ignored  
[2019/08/13 20:58:53 721] isr        1547 ASR_MSG_AUW,   cloud  
[2019/08/13 20:58:53 721] isr        1559 3200  2  
[2019/08/13 20:58:53 722] isr        1547 ASR_MSG_AUW,   cloud  
[2019/08/13 20:58:53 722] isr        1559 3200  2  
[2019/08/13 20:58:53 884] isr        1547 ASR_MSG_AUW,   cloud  
[2019/08/13 20:58:53 884] isr        1559 3200  2  
[2019/08/13 20:58:54 041] isr        1547 ASR_MSG_AUW,   cloud  
[2019/08/13 20:58:54 041] isr        1559 3200  2  
[2019/08/13 20:58:54 042] isr        1547 ASR_MSG_AUW,   cloud  
[2019/08/13 20:58:54 042] isr        1559 3200  2  
[2019/08/13 20:58:54 204] isr        1547 ASR_MSG_AUW,   cloud  
[2019/08/13 20:58:54 204] isr        1559 3200  2  
[2019/08/13 20:58:54 368] isr        1547 ASR_MSG_AUW,   cloud  
[2019/08/13 20:58:54 368] isr        1559 3200  2  
[2019/08/13 20:58:54 370] isr        1547 ASR_MSG_AUW,   cloud  
[2019/08/13 20:58:54 370] isr        1559 3200  2  
[2019/08/13 20:58:54 530] isr        1547 ASR_MSG_AUW,   cloud  
[2019/08/13 20:58:54 530] isr        1559 3200  2  
[2019/08/13 20:58:54 531] isr        1547 ASR_MSG_AUW,   cloud  
[2019/08/13 20:58:54 531] isr        1559 3200  2  
[2019/08/13 20:58:54 683] isr        1547 ASR_MSG_AUW,   cloud  
[2019/08/13 20:58:54 683] isr        1559 3200  2  
[2019/08/13 20:58:54 846] isr        1547 ASR_MSG_AUW,   cloud  
[2019/08/13 20:58:54 846] isr        1559 3200  2  
[2019/08/13 20:58:54 847] isr        1547 ASR_MSG_AUW,   cloud  
[2019/08/13 20:58:54 847] isr        1559 3200  2  
[2019/08/13 20:58:55 009] isr        1547 ASR_MSG_AUW,   cloud  
[2019/08/13 20:58:55 009] isr        1559 3200  2  
[2019/08/13 20:58:55 173] isr        1547 ASR_MSG_AUW,   cloud  
[2019/08/13 20:58:55 173] isr        1559 3200  2  
[2019/08/13 20:58:55 175] isr        1547 ASR_MSG_AUW,   cloud  
[2019/08/13 20:58:55 175] isr        1559 3200  2  
[2019/08/13 20:58:55 321] isr        662  cloud_rslt_cb status =   0  
[2019/08/13 20:58:55 321] isr        641  process_result call:  cloud  udata(24037b58) 0  nil  
[2019/08/13 20:58:55 335] isr        1547 ASR_MSG_AUW,   cloud  
[2019/08/13 20:58:55 335] isr        1559 3200  2  
[2019/08/13 20:58:55 337] isr        1547 ASR_MSG_AUW,   cloud  
[2019/08/13 20:58:55 337] isr        1559 3200  2  
[2019/08/13 20:58:55 498] isr        1547 ASR_MSG_AUW,   cloud  
[2019/08/13 20:58:55 498] isr        1559 3200  2  
[2019/08/13 20:58:55 498] isr        1636 ASR_MSG_GRSLT,   cloud  
[2019/08/13 20:58:55 498] isr        1335 0  udata(24037b58) 0  
[2019/08/13 20:58:55 662] isr        1547 ASR_MSG_AUW,   cloud  
[2019/08/13 20:58:55 662] isr        1559 3200  2  
[2019/08/13 20:58:55 663] isr        1636 ASR_MSG_GRSLT,   cloud  
[2019/08/13 20:58:55 664] isr        1335 0  nil  2  
[2019/08/13 20:58:55 665] isr        1547 ASR_MSG_AUW,   cloud  
[2019/08/13 20:58:55 665] isr        1559 3200  2  
[2019/08/13 20:58:55 826] isr        1547 ASR_MSG_AUW,   cloud  
[2019/08/13 20:58:55 826] isr        1559 3200  2  
[2019/08/13 20:58:55 827] isr        1547 ASR_MSG_AUW,   cloud  
[2019/08/13 20:58:55 827] isr        1559 3200  2  
[2019/08/13 20:58:55 962] isr        1547 ASR_MSG_AUW,   cloud  
[2019/08/13 20:58:55 962] isr        1559 3200  2  
[2019/08/13 20:58:56 126] isr        1547 ASR_MSG_AUW,   cloud  
[2019/08/13 20:58:56 126] isr        1559 3200  2  
[2019/08/13 20:58:56 128] isr        1547 ASR_MSG_AUW,   cloud  
[2019/08/13 20:58:56 128] isr        1559 3200  2  
[2019/08/13 20:58:56 293] isr        1547 ASR_MSG_AUW,   cloud  
[2019/08/13 20:58:56 293] isr        1559 3200  2  
[2019/08/13 20:58:56 457] isr        1547 ASR_MSG_AUW,   cloud  
[2019/08/13 20:58:56 457] isr        1559 3200  2  
[2019/08/13 20:58:56 458] isr        1547 ASR_MSG_AUW,   cloud  
[2019/08/13 20:58:56 458] isr        1559 3200  2  
[2019/08/13 20:58:56 460] isr        854  [aud] speech end  
[2019/08/13 20:58:56 460] isr        798  3  msc  
[2019/08/13 20:58:56 461] isr        864  aud end, MSC VAD  
[2019/08/13 20:58:56 620] isr        1547 ASR_MSG_AUW,   cloud  
[2019/08/13 20:58:56 620] isr        1559 3200  2  
[2019/08/13 20:58:56 622] isr        1636 ASR_MSG_GRSLT,   cloud  
[2019/08/13 20:58:56 622] isr        1335 0  nil  2  
[2019/08/13 20:58:56 724] isr        1636 ASR_MSG_GRSLT,   cloud  
[2019/08/13 20:58:56 724] isr        1335 0  nil  2  
[2019/08/13 20:58:56 825] isr        1636 ASR_MSG_GRSLT,   cloud  
[2019/08/13 20:58:56 825] isr        1335 0  nil  2  
[2019/08/13 20:58:56 926] isr        1636 ASR_MSG_GRSLT,   cloud  
[2019/08/13 20:58:56 926] isr        1335 0  nil  2  
[2019/08/13 20:58:57 027] isr        1636 ASR_MSG_GRSLT,   cloud  
[2019/08/13 20:58:57 027] isr        1335 0  nil  2  
[2019/08/13 20:58:57 128] isr        1636 ASR_MSG_GRSLT,   cloud  
[2019/08/13 20:58:57 129] isr        1335 0  nil  2  
[2019/08/13 20:58:57 149] isr        700  cloud_status_cb, eps:  3  
[2019/08/13 20:58:57 149] isr        798  3  cloud  
[2019/08/13 20:58:57 149] isr        800  already speech end  
[2019/08/13 20:58:57 152] isr        662  cloud_rslt_cb status =   5  
[2019/08/13 20:58:57 153] isr        641  process_result call:  cloud  udata(24036f58) 5  nil  
[2019/08/13 20:58:57 153] isr        798  3  msc  
[2019/08/13 20:58:57 153] isr        800  already speech end  
[2019/08/13 20:58:57 230] isr        1636 ASR_MSG_GRSLT,   cloud  
[2019/08/13 20:58:57 230] isr        1335 0  udata(24036f58) 5  
[2019/08/13 20:58:57 331] isr        1639 ASR_MSG_SSE,   cloud  
[2019/08/13 20:58:57 331] isr        1356 session_end() [in]  
[2019/08/13 20:58:57 331] isr        1421 cloud_session_end() [in]  
[2019/08/13 20:58:57 334] isr        1488 ns_host=  open.xf-yun.com  
[2019/08/13 20:58:57 334] isr        1498 tick()mod=  17652273  
[2019/08/13 20:58:57 335] isr        1499 tick()=  17652273  
[2019/08/13 20:58:57 335] isr        1501 diff=  3802  
[2019/08/13 20:58:57 335] isr        1514 cloud_session_end() [out]  
[2019/08/13 20:58:57 336] isr        1667 isr unload!  
============================================================
Time  2019/08/14 21:29:28 145 
============================================================
[2019/08/14 21:29:28 145] isr        1659 isr loaded!  
[2019/08/14 21:29:28 145] isr        1642 SYS_MSG_REGCB param0 =   msp_status_cb  param1 =   func(7802d630) 
[2019/08/14 21:29:28 145] isr        1537 ASR_MSG_SSB  
[2019/08/14 21:29:28 145] isr        1066 session_begin() [in], params:   sub = iat, domain = iat, language = zh_cn, accent = mandarin, sample_rate = 16000, result_type = plain, result_encoding = utf8  nil  
[2019/08/14 21:29:28 146] isr        927  vad_set [in]  
[2019/08/14 21:29:28 146] isr        962  vad_enable :  true  
[2019/08/14 21:29:28 146] isr        980  vad_bos :  10000  
[2019/08/14 21:29:28 146] isr        981  vad_eos :  2000  
[2019/08/14 21:29:28 146] isr        886  enable_vad [in]  
[2019/08/14 21:29:28 146] isr        918  vad enabled!  2000  10000  
[2019/08/14 21:29:28 146] isr        921  enable_vad [out]  
[2019/08/14 21:29:28 146] isr        987  vad_set [out] | ret =  0  
[2019/08/14 21:29:28 146] isr        1187 cur_engine_type =   cloud  
[2019/08/14 21:29:28 146] isr        1001 cloud_session_begin  
[2019/08/14 21:29:28 146] isr        1013 unknown  
[2019/08/14 21:29:28 382] isr        1547 ASR_MSG_AUW,   cloud  
[2019/08/14 21:29:28 382] isr        1559 3200  1  
[2019/08/14 21:29:28 383] isr        1569 once_bytes:   3200  
[2019/08/14 21:29:28 383] isr        1547 ASR_MSG_AUW,   cloud  
[2019/08/14 21:29:28 383] isr        1559 3200  2  
[2019/08/14 21:29:28 384] isr        851  [aud] speech start  
[2019/08/14 21:29:28 385] isr        798  1  msc  
[2019/08/14 21:29:28 447] isr        700  cloud_status_cb, eps:  1  
[2019/08/14 21:29:28 447] isr        798  1  cloud  
[2019/08/14 21:29:28 448] isr        813  cloud eps ignored  
[2019/08/14 21:29:28 544] isr        1547 ASR_MSG_AUW,   cloud  
[2019/08/14 21:29:28 545] isr        1559 3200  2  
[2019/08/14 21:29:28 546] isr        1547 ASR_MSG_AUW,   cloud  
[2019/08/14 21:29:28 546] isr        1559 3200  2  
[2019/08/14 21:29:28 708] isr        1547 ASR_MSG_AUW,   cloud  
[2019/08/14 21:29:28 708] isr        1559 3200  2  
[2019/08/14 21:29:28 865] isr        1547 ASR_MSG_AUW,   cloud  
[2019/08/14 21:29:28 865] isr        1559 3200  2  
[2019/08/14 21:29:28 866] isr        1547 ASR_MSG_AUW,   cloud  
[2019/08/14 21:29:28 866] isr        1559 3200  2  
[2019/08/14 21:29:29 028] isr        1547 ASR_MSG_AUW,   cloud  
[2019/08/14 21:29:29 028] isr        1559 3200  2  
[2019/08/14 21:29:29 192] isr        1547 ASR_MSG_AUW,   cloud  
[2019/08/14 21:29:29 192] isr        1559 3200  2  
[2019/08/14 21:29:29 192] isr        1547 ASR_MSG_AUW,   cloud  
[2019/08/14 21:29:29 192] isr        1559 3200  2  
[2019/08/14 21:29:29 356] isr        1547 ASR_MSG_AUW,   cloud  
[2019/08/14 21:29:29 356] isr        1559 3200  2  
[2019/08/14 21:29:29 358] isr        1547 ASR_MSG_AUW,   cloud  
[2019/08/14 21:29:29 358] isr        1559 3200  2  
[2019/08/14 21:29:29 506] isr        1547 ASR_MSG_AUW,   cloud  
[2019/08/14 21:29:29 506] isr        1559 3200  2  
[2019/08/14 21:29:29 669] isr        1547 ASR_MSG_AUW,   cloud  
[2019/08/14 21:29:29 669] isr        1559 3200  2  
[2019/08/14 21:29:29 669] isr        1547 ASR_MSG_AUW,   cloud  
[2019/08/14 21:29:29 670] isr        1559 3200  2  
[2019/08/14 21:29:29 833] isr        1547 ASR_MSG_AUW,   cloud  
[2019/08/14 21:29:29 834] isr        1559 3200  2  
[2019/08/14 21:29:29 997] isr        1547 ASR_MSG_AUW,   cloud  
[2019/08/14 21:29:29 997] isr        1559 3200  2  
[2019/08/14 21:29:29 998] isr        1547 ASR_MSG_AUW,   cloud  
[2019/08/14 21:29:29 998] isr        1559 3200  2  
[2019/08/14 21:29:30 159] isr        1547 ASR_MSG_AUW,   cloud  
[2019/08/14 21:29:30 159] isr        1559 3200  2  
[2019/08/14 21:29:30 160] isr        1547 ASR_MSG_AUW,   cloud  
[2019/08/14 21:29:30 160] isr        1559 3200  2  
[2019/08/14 21:29:30 323] isr        1547 ASR_MSG_AUW,   cloud  
[2019/08/14 21:29:30 323] isr        1559 3200  2  
[2019/08/14 21:29:30 487] isr        1547 ASR_MSG_AUW,   cloud  
[2019/08/14 21:29:30 487] isr        1559 3200  2  
[2019/08/14 21:29:30 488] isr        1547 ASR_MSG_AUW,   cloud  
[2019/08/14 21:29:30 488] isr        1559 3200  2  
[2019/08/14 21:29:30 650] isr        1547 ASR_MSG_AUW,   cloud  
[2019/08/14 21:29:30 651] isr        1559 3200  2  
[2019/08/14 21:29:30 651] isr        1547 ASR_MSG_AUW,   cloud  
[2019/08/14 21:29:30 651] isr        1559 3200  2  
[2019/08/14 21:29:30 787] isr        1547 ASR_MSG_AUW,   cloud  
[2019/08/14 21:29:30 787] isr        1559 3200  2  
[2019/08/14 21:29:30 951] isr        1547 ASR_MSG_AUW,   cloud  
[2019/08/14 21:29:30 951] isr        1559 3200  2  
[2019/08/14 21:29:30 952] isr        1547 ASR_MSG_AUW,   cloud  
[2019/08/14 21:29:30 952] isr        1559 3200  2  
[2019/08/14 21:29:31 115] isr        1547 ASR_MSG_AUW,   cloud  
[2019/08/14 21:29:31 115] isr        1559 3200  2  
[2019/08/14 21:29:31 278] isr        1547 ASR_MSG_AUW,   cloud  
[2019/08/14 21:29:31 278] isr        1559 3200  2  
[2019/08/14 21:29:31 279] isr        1547 ASR_MSG_AUW,   cloud  
[2019/08/14 21:29:31 279] isr        1559 3200  2  
[2019/08/14 21:29:31 443] isr        1547 ASR_MSG_AUW,   cloud  
[2019/08/14 21:29:31 443] isr        1559 3200  2  
[2019/08/14 21:29:31 499] isr        662  cloud_rslt_cb status =   0  
[2019/08/14 21:29:31 499] isr        641  process_result call:  cloud  udata(78033f78) 0  nil  
[2019/08/14 21:29:31 606] isr        1547 ASR_MSG_AUW,   cloud  
[2019/08/14 21:29:31 606] isr        1559 3200  2  
[2019/08/14 21:29:31 607] isr        1547 ASR_MSG_AUW,   cloud  
[2019/08/14 21:29:31 608] isr        1559 3200  2  
[2019/08/14 21:29:31 770] isr        1547 ASR_MSG_AUW,   cloud  
[2019/08/14 21:29:31 770] isr        1559 3200  2  
[2019/08/14 21:29:31 771] isr        1636 ASR_MSG_GRSLT,   cloud  
[2019/08/14 21:29:31 771] isr        1335 0  udata(78033f78) 0  
[2019/08/14 21:29:31 772] isr        1547 ASR_MSG_AUW,   cloud  
[2019/08/14 21:29:31 772] isr        1559 3200  2  
[2019/08/14 21:29:31 773] isr        1636 ASR_MSG_GRSLT,   cloud  
[2019/08/14 21:29:31 773] isr        1335 0  nil  2  
[2019/08/14 21:29:31 934] isr        1547 ASR_MSG_AUW,   cloud  
[2019/08/14 21:29:31 934] isr        1559 3200  2  
[2019/08/14 21:29:32 098] isr        1547 ASR_MSG_AUW,   cloud  
[2019/08/14 21:29:32 098] isr        1559 3200  2  
[2019/08/14 21:29:32 099] isr        1547 ASR_MSG_AUW,   cloud  
[2019/08/14 21:29:32 099] isr        1559 3200  2  
[2019/08/14 21:29:32 261] isr        1547 ASR_MSG_AUW,   cloud  
[2019/08/14 21:29:32 261] isr        1559 3200  2  
[2019/08/14 21:29:32 262] isr        1547 ASR_MSG_AUW,   cloud  
[2019/08/14 21:29:32 262] isr        1559 3200  2  
[2019/08/14 21:29:32 425] isr        1547 ASR_MSG_AUW,   cloud  
[2019/08/14 21:29:32 425] isr        1559 3200  2  
[2019/08/14 21:29:32 589] isr        1547 ASR_MSG_AUW,   cloud  
[2019/08/14 21:29:32 589] isr        1559 3200  2  
[2019/08/14 21:29:32 590] isr        1547 ASR_MSG_AUW,   cloud  
[2019/08/14 21:29:32 590] isr        1559 3200  2  
[2019/08/14 21:29:32 592] isr        854  [aud] speech end  
[2019/08/14 21:29:32 593] isr        798  3  msc  
[2019/08/14 21:29:32 593] isr        864  aud end, MSC VAD  
[2019/08/14 21:29:32 688] isr        700  cloud_status_cb, eps:  3  
[2019/08/14 21:29:32 688] isr        798  3  cloud  
[2019/08/14 21:29:32 689] isr        800  already speech end  
[2019/08/14 21:29:32 691] isr        662  cloud_rslt_cb status =   5  
[2019/08/14 21:29:32 691] isr        641  process_result call:  cloud  udata(78035e28) 5  nil  
[2019/08/14 21:29:32 691] isr        798  3  msc  
[2019/08/14 21:29:32 691] isr        800  already speech end  
[2019/08/14 21:29:32 752] isr        1547 ASR_MSG_AUW,   cloud  
[2019/08/14 21:29:32 752] isr        1559 3200  2  
[2019/08/14 21:29:32 753] isr        1636 ASR_MSG_GRSLT,   cloud  
[2019/08/14 21:29:32 753] isr        1335 0  udata(78035e28) 5  
[2019/08/14 21:29:32 854] isr        1639 ASR_MSG_SSE,   cloud  
[2019/08/14 21:29:32 854] isr        1356 session_end() [in]  
[2019/08/14 21:29:32 854] isr        1421 cloud_session_end() [in]  
[2019/08/14 21:29:32 856] isr        1488 ns_host=  open.xf-yun.com  
[2019/08/14 21:29:32 857] isr        1498 tick()mod=  19672977  
[2019/08/14 21:29:32 857] isr        1499 tick()=  19672977  
[2019/08/14 21:29:32 857] isr        1501 diff=  4412  
[2019/08/14 21:29:32 857] isr        1514 cloud_session_end() [out]  
[2019/08/14 21:29:32 858] isr        1667 isr unload!  
============================================================
Time  2019/08/14 21:44:46 670 
============================================================
[2019/08/14 21:44:46 670] isr        1659 isr loaded!  
[2019/08/14 21:44:46 670] isr        1642 SYS_MSG_REGCB param0 =   msp_status_cb  param1 =   func(6002d630) 
[2019/08/14 21:44:46 671] isr        1537 ASR_MSG_SSB  
[2019/08/14 21:44:46 671] isr        1066 session_begin() [in], params:   sub = iat, domain = iat, language = zh_cn, accent = mandarin, sample_rate = 16000, result_type = plain, result_encoding = utf8  nil  
[2019/08/14 21:44:46 671] isr        927  vad_set [in]  
[2019/08/14 21:44:46 671] isr        962  vad_enable :  true  
[2019/08/14 21:44:46 671] isr        980  vad_bos :  10000  
[2019/08/14 21:44:46 671] isr        981  vad_eos :  2000  
[2019/08/14 21:44:46 671] isr        886  enable_vad [in]  
[2019/08/14 21:44:46 671] isr        918  vad enabled!  2000  10000  
[2019/08/14 21:44:46 672] isr        921  enable_vad [out]  
[2019/08/14 21:44:46 672] isr        987  vad_set [out] | ret =  0  
[2019/08/14 21:44:46 672] isr        1187 cur_engine_type =   cloud  
[2019/08/14 21:44:46 672] isr        1001 cloud_session_begin  
[2019/08/14 21:44:46 672] isr        1013 unknown  
[2019/08/14 21:44:46 909] isr        1547 ASR_MSG_AUW,   cloud  
[2019/08/14 21:44:46 909] isr        1559 3200  1  
[2019/08/14 21:44:46 909] isr        1569 once_bytes:   3200  
[2019/08/14 21:44:46 910] isr        1547 ASR_MSG_AUW,   cloud  
[2019/08/14 21:44:46 910] isr        1559 3200  2  
[2019/08/14 21:44:46 912] isr        851  [aud] speech start  
[2019/08/14 21:44:46 912] isr        798  1  msc  
[2019/08/14 21:44:46 976] isr        700  cloud_status_cb, eps:  1  
[2019/08/14 21:44:46 976] isr        798  1  cloud  
[2019/08/14 21:44:46 976] isr        813  cloud eps ignored  
[2019/08/14 21:44:47 068] isr        1547 ASR_MSG_AUW,   cloud  
[2019/08/14 21:44:47 069] isr        1559 3200  2  
[2019/08/14 21:44:47 070] isr        1547 ASR_MSG_AUW,   cloud  
[2019/08/14 21:44:47 070] isr        1559 3200  2  
[2019/08/14 21:44:47 232] isr        1547 ASR_MSG_AUW,   cloud  
[2019/08/14 21:44:47 232] isr        1559 3200  2  
[2019/08/14 21:44:47 389] isr        1547 ASR_MSG_AUW,   cloud  
[2019/08/14 21:44:47 389] isr        1559 3200  2  
[2019/08/14 21:44:47 391] isr        1547 ASR_MSG_AUW,   cloud  
[2019/08/14 21:44:47 391] isr        1559 3200  2  
[2019/08/14 21:44:47 552] isr        1547 ASR_MSG_AUW,   cloud  
[2019/08/14 21:44:47 552] isr        1559 3200  2  
[2019/08/14 21:44:47 717] isr        1547 ASR_MSG_AUW,   cloud  
[2019/08/14 21:44:47 717] isr        1559 3200  2  
[2019/08/14 21:44:47 718] isr        1547 ASR_MSG_AUW,   cloud  
[2019/08/14 21:44:47 718] isr        1559 3200  2  
[2019/08/14 21:44:47 880] isr        1547 ASR_MSG_AUW,   cloud  
[2019/08/14 21:44:47 880] isr        1559 3200  2  
[2019/08/14 21:44:47 881] isr        1547 ASR_MSG_AUW,   cloud  
[2019/08/14 21:44:47 881] isr        1559 3200  2  
[2019/08/14 21:44:48 030] isr        1547 ASR_MSG_AUW,   cloud  
[2019/08/14 21:44:48 030] isr        1559 3200  2  
[2019/08/14 21:44:48 192] isr        1547 ASR_MSG_AUW,   cloud  
[2019/08/14 21:44:48 193] isr        1559 3200  2  
[2019/08/14 21:44:48 193] isr        1547 ASR_MSG_AUW,   cloud  
[2019/08/14 21:44:48 193] isr        1559 3200  2  
[2019/08/14 21:44:48 356] isr        1547 ASR_MSG_AUW,   cloud  
[2019/08/14 21:44:48 357] isr        1559 3200  2  
[2019/08/14 21:44:48 521] isr        1547 ASR_MSG_AUW,   cloud  
[2019/08/14 21:44:48 521] isr        1559 3200  2  
[2019/08/14 21:44:48 522] isr        1547 ASR_MSG_AUW,   cloud  
[2019/08/14 21:44:48 522] isr        1559 3200  2  
[2019/08/14 21:44:48 684] isr        1547 ASR_MSG_AUW,   cloud  
[2019/08/14 21:44:48 684] isr        1559 3200  2  
[2019/08/14 21:44:48 685] isr        1547 ASR_MSG_AUW,   cloud  
[2019/08/14 21:44:48 686] isr        1559 3200  2  
[2019/08/14 21:44:48 849] isr        1547 ASR_MSG_AUW,   cloud  
[2019/08/14 21:44:48 849] isr        1559 3200  2  
[2019/08/14 21:44:48 854] isr        662  cloud_rslt_cb status =   0  
[2019/08/14 21:44:48 854] isr        641  process_result call:  cloud  udata(600374a8) 0  nil  
[2019/08/14 21:44:49 011] isr        1547 ASR_MSG_AUW,   cloud  
[2019/08/14 21:44:49 012] isr        1559 3200  2  
[2019/08/14 21:44:49 013] isr        1547 ASR_MSG_AUW,   cloud  
[2019/08/14 21:44:49 013] isr        1559 3200  2  
[2019/08/14 21:44:49 175] isr        1547 ASR_MSG_AUW,   cloud  
[2019/08/14 21:44:49 175] isr        1559 3200  2  
[2019/08/14 21:44:49 176] isr        1636 ASR_MSG_GRSLT,   cloud  
[2019/08/14 21:44:49 176] isr        1335 0  udata(600374a8) 0  
[2019/08/14 21:44:49 176] isr        1547 ASR_MSG_AUW,   cloud  
[2019/08/14 21:44:49 177] isr        1559 3200  2  
[2019/08/14 21:44:49 178] isr        1636 ASR_MSG_GRSLT,   cloud  
[2019/08/14 21:44:49 178] isr        1335 0  nil  2  
[2019/08/14 21:44:49 310] isr        1547 ASR_MSG_AUW,   cloud  
[2019/08/14 21:44:49 310] isr        1559 3200  2  
[2019/08/14 21:44:49 474] isr        1547 ASR_MSG_AUW,   cloud  
[2019/08/14 21:44:49 474] isr        1559 3200  2  
[2019/08/14 21:44:49 475] isr        1547 ASR_MSG_AUW,   cloud  
[2019/08/14 21:44:49 475] isr        1559 3200  2  
[2019/08/14 21:44:49 637] isr        1547 ASR_MSG_AUW,   cloud  
[2019/08/14 21:44:49 637] isr        1559 3200  2  
[2019/08/14 21:44:49 801] isr        1547 ASR_MSG_AUW,   cloud  
[2019/08/14 21:44:49 801] isr        1559 3200  2  
[2019/08/14 21:44:49 802] isr        1547 ASR_MSG_AUW,   cloud  
[2019/08/14 21:44:49 803] isr        1559 3200  2  
[2019/08/14 21:44:49 806] isr        854  [aud] speech end  
[2019/08/14 21:44:49 806] isr        798  3  msc  
[2019/08/14 21:44:49 807] isr        864  aud end, MSC VAD  
[2019/08/14 21:44:49 964] isr        1547 ASR_MSG_AUW,   cloud  
[2019/08/14 21:44:49 964] isr        1559 3200  2  
[2019/08/14 21:44:49 966] isr        1636 ASR_MSG_GRSLT,   cloud  
[2019/08/14 21:44:49 966] isr        1335 0  nil  2  
[2019/08/14 21:44:50 067] isr        1636 ASR_MSG_GRSLT,   cloud  
[2019/08/14 21:44:50 067] isr        1335 0  nil  2  
[2019/08/14 21:44:50 164] isr        700  cloud_status_cb, eps:  3  
[2019/08/14 21:44:50 164] isr        798  3  cloud  
[2019/08/14 21:44:50 164] isr        800  already speech end  
[2019/08/14 21:44:50 166] isr        662  cloud_rslt_cb status =   5  
[2019/08/14 21:44:50 166] isr        641  process_result call:  cloud  udata(600363e8) 5  nil  
[2019/08/14 21:44:50 167] isr        798  3  msc  
[2019/08/14 21:44:50 167] isr        800  already speech end  
[2019/08/14 21:44:50 168] isr        1636 ASR_MSG_GRSLT,   cloud  
[2019/08/14 21:44:50 168] isr        1335 0  udata(600363e8) 5  
[2019/08/14 21:44:50 269] isr        1639 ASR_MSG_SSE,   cloud  
[2019/08/14 21:44:50 269] isr        1356 session_end() [in]  
[2019/08/14 21:44:50 269] isr        1421 cloud_session_end() [in]  
[2019/08/14 21:44:50 271] isr        1488 ns_host=  open.xf-yun.com  
[2019/08/14 21:44:50 271] isr        1498 tick()mod=  20589871  
[2019/08/14 21:44:50 271] isr        1499 tick()=  20589871  
[2019/08/14 21:44:50 272] isr        1501 diff=  3326  
[2019/08/14 21:44:50 272] isr        1514 cloud_session_end() [out]  
[2019/08/14 21:44:50 272] isr        1667 isr unload!  
============================================================
Time  2019/08/14 21:44:56 477 
============================================================
[2019/08/14 21:44:56 477] isr        1659 isr loaded!  
[2019/08/14 21:44:56 477] isr        1642 SYS_MSG_REGCB param0 =   msp_status_cb  param1 =   func(5002d640) 
[2019/08/14 21:44:56 477] isr        1537 ASR_MSG_SSB  
[2019/08/14 21:44:56 477] isr        1066 session_begin() [in], params:   sub = iat, domain = iat, language = zh_cn, accent = mandarin, sample_rate = 16000, result_type = plain, result_encoding = utf8  nil  
[2019/08/14 21:44:56 477] isr        927  vad_set [in]  
[2019/08/14 21:44:56 477] isr        962  vad_enable :  true  
[2019/08/14 21:44:56 477] isr        980  vad_bos :  10000  
[2019/08/14 21:44:56 478] isr        981  vad_eos :  2000  
[2019/08/14 21:44:56 478] isr        886  enable_vad [in]  
[2019/08/14 21:44:56 478] isr        918  vad enabled!  2000  10000  
[2019/08/14 21:44:56 478] isr        921  enable_vad [out]  
[2019/08/14 21:44:56 478] isr        987  vad_set [out] | ret =  0  
[2019/08/14 21:44:56 478] isr        1187 cur_engine_type =   cloud  
[2019/08/14 21:44:56 478] isr        1001 cloud_session_begin  
[2019/08/14 21:44:56 478] isr        1013 unknown  
[2019/08/14 21:44:56 576] isr        1547 ASR_MSG_AUW,   cloud  
[2019/08/14 21:44:56 576] isr        1559 3200  1  
[2019/08/14 21:44:56 576] isr        1569 once_bytes:   3200  
[2019/08/14 21:44:56 579] isr        851  [aud] speech start  
[2019/08/14 21:44:56 579] isr        798  1  msc  
[2019/08/14 21:44:56 715] isr        1547 ASR_MSG_AUW,   cloud  
[2019/08/14 21:44:56 715] isr        1559 3200  2  
[2019/08/14 21:44:56 716] isr        1547 ASR_MSG_AUW,   cloud  
[2019/08/14 21:44:56 716] isr        1559 3200  2  
[2019/08/14 21:44:56 796] isr        700  cloud_status_cb, eps:  1  
[2019/08/14 21:44:56 796] isr        798  1  cloud  
[2019/08/14 21:44:56 797] isr        813  cloud eps ignored  
[2019/08/14 21:44:56 875] isr        1547 ASR_MSG_AUW,   cloud  
[2019/08/14 21:44:56 875] isr        1559 3200  2  
[2019/08/14 21:44:57 038] isr        1547 ASR_MSG_AUW,   cloud  
[2019/08/14 21:44:57 038] isr        1559 3200  2  
[2019/08/14 21:44:57 038] isr        1547 ASR_MSG_AUW,   cloud  
[2019/08/14 21:44:57 039] isr        1559 3200  2  
[2019/08/14 21:44:57 195] isr        1547 ASR_MSG_AUW,   cloud  
[2019/08/14 21:44:57 195] isr        1559 3200  2  
[2019/08/14 21:44:57 359] isr        1547 ASR_MSG_AUW,   cloud  
[2019/08/14 21:44:57 359] isr        1559 3200  2  
[2019/08/14 21:44:57 360] isr        1547 ASR_MSG_AUW,   cloud  
[2019/08/14 21:44:57 360] isr        1559 3200  2  
[2019/08/14 21:44:57 522] isr        1547 ASR_MSG_AUW,   cloud  
[2019/08/14 21:44:57 522] isr        1559 3200  2  
[2019/08/14 21:44:57 523] isr        1547 ASR_MSG_AUW,   cloud  
[2019/08/14 21:44:57 523] isr        1559 3200  2  
[2019/08/14 21:44:57 686] isr        1547 ASR_MSG_AUW,   cloud  
[2019/08/14 21:44:57 686] isr        1559 3200  2  
[2019/08/14 21:44:57 836] isr        1547 ASR_MSG_AUW,   cloud  
[2019/08/14 21:44:57 836] isr        1559 3200  2  
[2019/08/14 21:44:57 837] isr        1547 ASR_MSG_AUW,   cloud  
[2019/08/14 21:44:57 837] isr        1559 3200  2  
[2019/08/14 21:44:58 000] isr        1547 ASR_MSG_AUW,   cloud  
[2019/08/14 21:44:58 000] isr        1559 3200  2  
[2019/08/14 21:44:58 000] isr        1547 ASR_MSG_AUW,   cloud  
[2019/08/14 21:44:58 000] isr        1559 3200  2  
[2019/08/14 21:44:58 164] isr        1547 ASR_MSG_AUW,   cloud  
[2019/08/14 21:44:58 164] isr        1559 3200  2  
[2019/08/14 21:44:58 329] isr        1547 ASR_MSG_AUW,   cloud  
[2019/08/14 21:44:58 329] isr        1559 3200  2  
[2019/08/14 21:44:58 330] isr        1547 ASR_MSG_AUW,   cloud  
[2019/08/14 21:44:58 330] isr        1559 3200  2  
[2019/08/14 21:44:58 490] isr        1547 ASR_MSG_AUW,   cloud  
[2019/08/14 21:44:58 490] isr        1559 3200  2  
[2019/08/14 21:44:58 654] isr        1547 ASR_MSG_AUW,   cloud  
[2019/08/14 21:44:58 654] isr        1559 3200  2  
[2019/08/14 21:44:58 654] isr        1547 ASR_MSG_AUW,   cloud  
[2019/08/14 21:44:58 654] isr        1559 3200  2  
[2019/08/14 21:44:58 817] isr        1547 ASR_MSG_AUW,   cloud  
[2019/08/14 21:44:58 817] isr        1559 3200  2  
[2019/08/14 21:44:58 818] isr        1547 ASR_MSG_AUW,   cloud  
[2019/08/14 21:44:58 818] isr        1559 3200  2  
[2019/08/14 21:44:58 980] isr        1547 ASR_MSG_AUW,   cloud  
[2019/08/14 21:44:58 980] isr        1559 3200  2  
[2019/08/14 21:44:59 117] isr        1547 ASR_MSG_AUW,   cloud  
[2019/08/14 21:44:59 117] isr        1559 3200  2  
[2019/08/14 21:44:59 118] isr        1547 ASR_MSG_AUW,   cloud  
[2019/08/14 21:44:59 118] isr        1559 3200  2  
[2019/08/14 21:44:59 281] isr        1547 ASR_MSG_AUW,   cloud  
[2019/08/14 21:44:59 281] isr        1559 3200  2  
[2019/08/14 21:44:59 444] isr        1547 ASR_MSG_AUW,   cloud  
[2019/08/14 21:44:59 445] isr        1559 3200  2  
[2019/08/14 21:44:59 446] isr        1547 ASR_MSG_AUW,   cloud  
[2019/08/14 21:44:59 446] isr        1559 3200  2  
[2019/08/14 21:44:59 556] isr        662  cloud_rslt_cb status =   0  
[2019/08/14 21:44:59 556] isr        641  process_result call:  cloud  udata(50034ad8) 0  nil  
[2019/08/14 21:44:59 608] isr        1547 ASR_MSG_AUW,   cloud  
[2019/08/14 21:44:59 608] isr        1559 3200  2  
[2019/08/14 21:44:59 609] isr        1547 ASR_MSG_AUW,   cloud  
[2019/08/14 21:44:59 609] isr        1559 3200  2  
[2019/08/14 21:44:59 772] isr        1547 ASR_MSG_AUW,   cloud  
[2019/08/14 21:44:59 772] isr        1559 3200  2  
[2019/08/14 21:44:59 772] isr        1636 ASR_MSG_GRSLT,   cloud  
[2019/08/14 21:44:59 772] isr        1335 0  udata(50034ad8) 0  
[2019/08/14 21:44:59 935] isr        1547 ASR_MSG_AUW,   cloud  
[2019/08/14 21:44:59 935] isr        1559 3200  2  
[2019/08/14 21:44:59 936] isr        1636 ASR_MSG_GRSLT,   cloud  
[2019/08/14 21:44:59 936] isr        1335 0  nil  2  
[2019/08/14 21:44:59 937] isr        1547 ASR_MSG_AUW,   cloud  
[2019/08/14 21:44:59 937] isr        1559 3200  2  
[2019/08/14 21:45:00 099] isr        1547 ASR_MSG_AUW,   cloud  
[2019/08/14 21:45:00 099] isr        1559 3200  2  
[2019/08/14 21:45:00 263] isr        1547 ASR_MSG_AUW,   cloud  
[2019/08/14 21:45:00 263] isr        1559 3200  2  
[2019/08/14 21:45:00 264] isr        1547 ASR_MSG_AUW,   cloud  
[2019/08/14 21:45:00 264] isr        1559 3200  2  
[2019/08/14 21:45:00 427] isr        1547 ASR_MSG_AUW,   cloud  
[2019/08/14 21:45:00 427] isr        1559 3200  2  
[2019/08/14 21:45:00 428] isr        1547 ASR_MSG_AUW,   cloud  
[2019/08/14 21:45:00 428] isr        1559 3200  2  
[2019/08/14 21:45:00 590] isr        1547 ASR_MSG_AUW,   cloud  
[2019/08/14 21:45:00 590] isr        1559 3200  2  
[2019/08/14 21:45:00 593] isr        854  [aud] speech end  
[2019/08/14 21:45:00 593] isr        798  3  msc  
[2019/08/14 21:45:00 593] isr        864  aud end, MSC VAD  
[2019/08/14 21:45:00 709] isr        700  cloud_status_cb, eps:  3  
[2019/08/14 21:45:00 709] isr        798  3  cloud  
[2019/08/14 21:45:00 709] isr        800  already speech end  
[2019/08/14 21:45:00 713] isr        662  cloud_rslt_cb status =   5  
[2019/08/14 21:45:00 713] isr        641  process_result call:  cloud  udata(500368c8) 5  nil  
[2019/08/14 21:45:00 713] isr        798  3  msc  
[2019/08/14 21:45:00 713] isr        800  already speech end  
[2019/08/14 21:45:00 754] isr        1547 ASR_MSG_AUW,   cloud  
[2019/08/14 21:45:00 754] isr        1559 3200  2  
[2019/08/14 21:45:00 756] isr        1636 ASR_MSG_GRSLT,   cloud  
[2019/08/14 21:45:00 756] isr        1335 0  udata(500368c8) 5  
[2019/08/14 21:45:00 857] isr        1639 ASR_MSG_SSE,   cloud  
[2019/08/14 21:45:00 857] isr        1356 session_end() [in]  
[2019/08/14 21:45:00 857] isr        1421 cloud_session_end() [in]  
[2019/08/14 21:45:00 860] isr        1488 ns_host=  open.xf-yun.com  
[2019/08/14 21:45:00 860] isr        1498 tick()mod=  20600460  
[2019/08/14 21:45:00 860] isr        1499 tick()=  20600460  
[2019/08/14 21:45:00 860] isr        1501 diff=  4209  
[2019/08/14 21:45:00 861] isr        1514 cloud_session_end() [out]  
[2019/08/14 21:45:00 861] isr        1667 isr unload!  
============================================================
Time  2019/08/14 21:45:08 006 
============================================================
[2019/08/14 21:45:08 006] isr        1659 isr loaded!  
[2019/08/14 21:45:08 006] isr        1642 SYS_MSG_REGCB param0 =   msp_status_cb  param1 =   func(1c02d630) 
[2019/08/14 21:45:08 006] isr        1537 ASR_MSG_SSB  
[2019/08/14 21:45:08 006] isr        1066 session_begin() [in], params:   sub = iat, domain = iat, language = zh_cn, accent = mandarin, sample_rate = 16000, result_type = plain, result_encoding = utf8  nil  
[2019/08/14 21:45:08 006] isr        927  vad_set [in]  
[2019/08/14 21:45:08 006] isr        962  vad_enable :  true  
[2019/08/14 21:45:08 006] isr        980  vad_bos :  10000  
[2019/08/14 21:45:08 006] isr        981  vad_eos :  2000  
[2019/08/14 21:45:08 006] isr        886  enable_vad [in]  
[2019/08/14 21:45:08 007] isr        918  vad enabled!  2000  10000  
[2019/08/14 21:45:08 007] isr        921  enable_vad [out]  
[2019/08/14 21:45:08 007] isr        987  vad_set [out] | ret =  0  
[2019/08/14 21:45:08 007] isr        1187 cur_engine_type =   cloud  
[2019/08/14 21:45:08 007] isr        1001 cloud_session_begin  
[2019/08/14 21:45:08 007] isr        1013 unknown  
[2019/08/14 21:45:08 243] isr        1547 ASR_MSG_AUW,   cloud  
[2019/08/14 21:45:08 244] isr        1559 3200  1  
[2019/08/14 21:45:08 244] isr        1569 once_bytes:   3200  
[2019/08/14 21:45:08 245] isr        1547 ASR_MSG_AUW,   cloud  
[2019/08/14 21:45:08 245] isr        1559 3200  2  
[2019/08/14 21:45:08 248] isr        851  [aud] speech start  
[2019/08/14 21:45:08 248] isr        798  1  msc  
[2019/08/14 21:45:08 404] isr        1547 ASR_MSG_AUW,   cloud  
[2019/08/14 21:45:08 404] isr        1559 3200  2  
[2019/08/14 21:45:08 463] isr        700  cloud_status_cb, eps:  1  
[2019/08/14 21:45:08 463] isr        798  1  cloud  
[2019/08/14 21:45:08 463] isr        813  cloud eps ignored  
[2019/08/14 21:45:08 566] isr        1547 ASR_MSG_AUW,   cloud  
[2019/08/14 21:45:08 566] isr        1559 3200  2  
[2019/08/14 21:45:08 567] isr        1547 ASR_MSG_AUW,   cloud  
[2019/08/14 21:45:08 567] isr        1559 3200  2  
[2019/08/14 21:45:08 724] isr        1547 ASR_MSG_AUW,   cloud  
[2019/08/14 21:45:08 724] isr        1559 3200  2  
[2019/08/14 21:45:08 725] isr        1547 ASR_MSG_AUW,   cloud  
[2019/08/14 21:45:08 725] isr        1559 3200  2  
[2019/08/14 21:45:08 888] isr        1547 ASR_MSG_AUW,   cloud  
[2019/08/14 21:45:08 888] isr        1559 3200  2  
[2019/08/14 21:45:09 050] isr        1547 ASR_MSG_AUW,   cloud  
[2019/08/14 21:45:09 051] isr        1559 3200  2  
[2019/08/14 21:45:09 051] isr        1547 ASR_MSG_AUW,   cloud  
[2019/08/14 21:45:09 051] isr        1559 3200  2  
[2019/08/14 21:45:09 214] isr        1547 ASR_MSG_AUW,   cloud  
[2019/08/14 21:45:09 214] isr        1559 3200  2  
[2019/08/14 21:45:09 215] isr        1547 ASR_MSG_AUW,   cloud  
[2019/08/14 21:45:09 215] isr        1559 3200  2  
[2019/08/14 21:45:09 365] isr        1547 ASR_MSG_AUW,   cloud  
[2019/08/14 21:45:09 365] isr        1559 3200  2  
[2019/08/14 21:45:09 529] isr        1547 ASR_MSG_AUW,   cloud  
[2019/08/14 21:45:09 529] isr        1559 3200  2  
[2019/08/14 21:45:09 530] isr        1547 ASR_MSG_AUW,   cloud  
[2019/08/14 21:45:09 530] isr        1559 3200  2  
[2019/08/14 21:45:09 693] isr        1547 ASR_MSG_AUW,   cloud  
[2019/08/14 21:45:09 693] isr        1559 3200  2  
[2019/08/14 21:45:09 856] isr        1547 ASR_MSG_AUW,   cloud  
[2019/08/14 21:45:09 857] isr        1559 3200  2  
[2019/08/14 21:45:09 858] isr        1547 ASR_MSG_AUW,   cloud  
[2019/08/14 21:45:09 858] isr        1559 3200  2  
[2019/08/14 21:45:10 020] isr        1547 ASR_MSG_AUW,   cloud  
[2019/08/14 21:45:10 020] isr        1559 3200  2  
[2019/08/14 21:45:10 022] isr        1547 ASR_MSG_AUW,   cloud  
[2019/08/14 21:45:10 022] isr        1559 3200  2  
[2019/08/14 21:45:10 183] isr        1547 ASR_MSG_AUW,   cloud  
[2019/08/14 21:45:10 183] isr        1559 3200  2  
[2019/08/14 21:45:10 347] isr        1547 ASR_MSG_AUW,   cloud  
[2019/08/14 21:45:10 348] isr        1559 3200  2  
[2019/08/14 21:45:10 349] isr        1547 ASR_MSG_AUW,   cloud  
[2019/08/14 21:45:10 349] isr        1559 3200  2  
[2019/08/14 21:45:10 511] isr        1547 ASR_MSG_AUW,   cloud  
[2019/08/14 21:45:10 511] isr        1559 3200  2  
[2019/08/14 21:45:10 511] isr        1547 ASR_MSG_AUW,   cloud  
[2019/08/14 21:45:10 511] isr        1559 3200  2  
[2019/08/14 21:45:10 645] isr        1547 ASR_MSG_AUW,   cloud  
[2019/08/14 21:45:10 645] isr        1559 3200  2  
[2019/08/14 21:45:10 808] isr        1547 ASR_MSG_AUW,   cloud  
[2019/08/14 21:45:10 808] isr        1559 3200  2  
[2019/08/14 21:45:10 809] isr        1547 ASR_MSG_AUW,   cloud  
[2019/08/14 21:45:10 810] isr        1559 3200  2  
[2019/08/14 21:45:10 972] isr        1547 ASR_MSG_AUW,   cloud  
[2019/08/14 21:45:10 972] isr        1559 3200  2  
[2019/08/14 21:45:11 135] isr        1547 ASR_MSG_AUW,   cloud  
[2019/08/14 21:45:11 135] isr        1559 3200  2  
[2019/08/14 21:45:11 136] isr        1547 ASR_MSG_AUW,   cloud  
[2019/08/14 21:45:11 136] isr        1559 3200  2  
[2019/08/14 21:45:11 299] isr        1547 ASR_MSG_AUW,   cloud  
[2019/08/14 21:45:11 299] isr        1559 3200  2  
[2019/08/14 21:45:11 463] isr        1547 ASR_MSG_AUW,   cloud  
[2019/08/14 21:45:11 463] isr        1559 3200  2  
[2019/08/14 21:45:11 464] isr        1547 ASR_MSG_AUW,   cloud  
[2019/08/14 21:45:11 464] isr        1559 3200  2  
[2019/08/14 21:45:11 626] isr        1547 ASR_MSG_AUW,   cloud  
[2019/08/14 21:45:11 626] isr        1559 3200  2  
[2019/08/14 21:45:11 627] isr        1547 ASR_MSG_AUW,   cloud  
[2019/08/14 21:45:11 627] isr        1559 3200  2  
[2019/08/14 21:45:11 662] isr        662  cloud_rslt_cb status =   0  
[2019/08/14 21:45:11 662] isr        641  process_result call:  cloud  udata(1c036f98) 0  nil  
[2019/08/14 21:45:11 790] isr        1547 ASR_MSG_AUW,   cloud  
[2019/08/14 21:45:11 790] isr        1559 3200  2  
[2019/08/14 21:45:11 953] isr        1547 ASR_MSG_AUW,   cloud  
[2019/08/14 21:45:11 953] isr        1559 3200  2  
[2019/08/14 21:45:11 954] isr        1636 ASR_MSG_GRSLT,   cloud  
[2019/08/14 21:45:11 954] isr        1335 0  udata(1c036f98) 0  
[2019/08/14 21:45:11 955] isr        1547 ASR_MSG_AUW,   cloud  
[2019/08/14 21:45:11 956] isr        1559 3200  2  
[2019/08/14 21:45:11 957] isr        1636 ASR_MSG_GRSLT,   cloud  
[2019/08/14 21:45:11 958] isr        1335 0  nil  2  
[2019/08/14 21:45:12 116] isr        1547 ASR_MSG_AUW,   cloud  
[2019/08/14 21:45:12 116] isr        1559 3200  2  
[2019/08/14 21:45:12 117] isr        1547 ASR_MSG_AUW,   cloud  
[2019/08/14 21:45:12 117] isr        1559 3200  2  
[2019/08/14 21:45:12 279] isr        1547 ASR_MSG_AUW,   cloud  
[2019/08/14 21:45:12 279] isr        1559 3200  2  
[2019/08/14 21:45:12 443] isr        1547 ASR_MSG_AUW,   cloud  
[2019/08/14 21:45:12 443] isr        1559 3200  2  
[2019/08/14 21:45:12 444] isr        1547 ASR_MSG_AUW,   cloud  
[2019/08/14 21:45:12 444] isr        1559 3200  2  
[2019/08/14 21:45:12 606] isr        1547 ASR_MSG_AUW,   cloud  
[2019/08/14 21:45:12 606] isr        1559 3200  2  
[2019/08/14 21:45:12 607] isr        1547 ASR_MSG_AUW,   cloud  
[2019/08/14 21:45:12 607] isr        1559 3200  2  
[2019/08/14 21:45:12 609] isr        854  [aud] speech end  
[2019/08/14 21:45:12 609] isr        798  3  msc  
[2019/08/14 21:45:12 609] isr        864  aud end, MSC VAD  
[2019/08/14 21:45:12 770] isr        1547 ASR_MSG_AUW,   cloud  
[2019/08/14 21:45:12 770] isr        1559 3200  2  
[2019/08/14 21:45:12 771] isr        1636 ASR_MSG_GRSLT,   cloud  
[2019/08/14 21:45:12 772] isr        1335 0  nil  2  
[2019/08/14 21:45:12 817] isr        700  cloud_status_cb, eps:  3  
[2019/08/14 21:45:12 818] isr        798  3  cloud  
[2019/08/14 21:45:12 818] isr        800  already speech end  
[2019/08/14 21:45:12 821] isr        662  cloud_rslt_cb status =   5  
[2019/08/14 21:45:12 821] isr        641  process_result call:  cloud  udata(1c033148) 5  nil  
[2019/08/14 21:45:12 821] isr        798  3  msc  
[2019/08/14 21:45:12 821] isr        800  already speech end  
[2019/08/14 21:45:12 873] isr        1636 ASR_MSG_GRSLT,   cloud  
[2019/08/14 21:45:12 873] isr        1335 0  udata(1c033148) 5  
[2019/08/14 21:45:12 974] isr        1639 ASR_MSG_SSE,   cloud  
[2019/08/14 21:45:12 974] isr        1356 session_end() [in]  
[2019/08/14 21:45:12 974] isr        1421 cloud_session_end() [in]  
[2019/08/14 21:45:12 977] isr        1488 ns_host=  open.xf-yun.com  
[2019/08/14 21:45:12 977] isr        1498 tick()mod=  20612577  
[2019/08/14 21:45:12 977] isr        1499 tick()=  20612577  
[2019/08/14 21:45:12 977] isr        1501 diff=  4810  
[2019/08/14 21:45:12 978] isr        1514 cloud_session_end() [out]  
[2019/08/14 21:45:12 978] isr        1667 isr unload!  
============================================================
Time  2019/08/14 21:45:19 537 
============================================================
[2019/08/14 21:45:19 537] isr        1659 isr loaded!  
[2019/08/14 21:45:19 538] isr        1642 SYS_MSG_REGCB param0 =   msp_status_cb  param1 =   func(b002d640) 
[2019/08/14 21:45:19 538] isr        1537 ASR_MSG_SSB  
[2019/08/14 21:45:19 538] isr        1066 session_begin() [in], params:   sub = iat, domain = iat, language = zh_cn, accent = mandarin, sample_rate = 16000, result_type = plain, result_encoding = utf8  nil  
[2019/08/14 21:45:19 538] isr        927  vad_set [in]  
[2019/08/14 21:45:19 538] isr        962  vad_enable :  true  
[2019/08/14 21:45:19 538] isr        980  vad_bos :  10000  
[2019/08/14 21:45:19 538] isr        981  vad_eos :  2000  
[2019/08/14 21:45:19 538] isr        886  enable_vad [in]  
[2019/08/14 21:45:19 538] isr        918  vad enabled!  2000  10000  
[2019/08/14 21:45:19 538] isr        921  enable_vad [out]  
[2019/08/14 21:45:19 538] isr        987  vad_set [out] | ret =  0  
[2019/08/14 21:45:19 539] isr        1187 cur_engine_type =   cloud  
[2019/08/14 21:45:19 539] isr        1001 cloud_session_begin  
[2019/08/14 21:45:19 539] isr        1013 unknown  
[2019/08/14 21:45:19 775] isr        1547 ASR_MSG_AUW,   cloud  
[2019/08/14 21:45:19 775] isr        1559 3200  1  
[2019/08/14 21:45:19 775] isr        1569 once_bytes:   3200  
[2019/08/14 21:45:19 775] isr        1547 ASR_MSG_AUW,   cloud  
[2019/08/14 21:45:19 776] isr        1559 3200  2  
[2019/08/14 21:45:19 777] isr        851  [aud] speech start  
[2019/08/14 21:45:19 777] isr        798  1  msc  
[2019/08/14 21:45:19 936] isr        1547 ASR_MSG_AUW,   cloud  
[2019/08/14 21:45:19 937] isr        1559 3200  2  
[2019/08/14 21:45:19 938] isr        1547 ASR_MSG_AUW,   cloud  
[2019/08/14 21:45:19 938] isr        1559 3200  2  
[2019/08/14 21:45:19 982] isr        700  cloud_status_cb, eps:  1  
[2019/08/14 21:45:19 982] isr        798  1  cloud  
[2019/08/14 21:45:19 982] isr        813  cloud eps ignored  
[2019/08/14 21:45:20 099] isr        1547 ASR_MSG_AUW,   cloud  
[2019/08/14 21:45:20 099] isr        1559 3200  2  
[2019/08/14 21:45:20 258] isr        1547 ASR_MSG_AUW,   cloud  
[2019/08/14 21:45:20 258] isr        1559 3200  2  
[2019/08/14 21:45:20 259] isr        1547 ASR_MSG_AUW,   cloud  
[2019/08/14 21:45:20 259] isr        1559 3200  2  
[2019/08/14 21:45:20 422] isr        1547 ASR_MSG_AUW,   cloud  
[2019/08/14 21:45:20 422] isr        1559 3200  2  
[2019/08/14 21:45:20 584] isr        1547 ASR_MSG_AUW,   cloud  
[2019/08/14 21:45:20 584] isr        1559 3200  2  
[2019/08/14 21:45:20 585] isr        1547 ASR_MSG_AUW,   cloud  
[2019/08/14 21:45:20 585] isr        1559 3200  2  
[2019/08/14 21:45:20 733] isr        1547 ASR_MSG_AUW,   cloud  
[2019/08/14 21:45:20 733] isr        1559 3200  2  
[2019/08/14 21:45:20 897] isr        1547 ASR_MSG_AUW,   cloud  
[2019/08/14 21:45:20 897] isr        1559 3200  2  
[2019/08/14 21:45:20 898] isr        1547 ASR_MSG_AUW,   cloud  
[2019/08/14 21:45:20 899] isr        1559 3200  2  
[2019/08/14 21:45:21 060] isr        1547 ASR_MSG_AUW,   cloud  
[2019/08/14 21:45:21 060] isr        1559 3200  2  
[2019/08/14 21:45:21 061] isr        1547 ASR_MSG_AUW,   cloud  
[2019/08/14 21:45:21 061] isr        1559 3200  2  
[2019/08/14 21:45:21 223] isr        1547 ASR_MSG_AUW,   cloud  
[2019/08/14 21:45:21 224] isr        1559 3200  2  
[2019/08/14 21:45:21 307] isr        662  cloud_rslt_cb status =   0  
[2019/08/14 21:45:21 308] isr        641  process_result call:  cloud  udata(b0033318) 0  nil  
[2019/08/14 21:45:21 388] isr        1547 ASR_MSG_AUW,   cloud  
[2019/08/14 21:45:21 388] isr        1559 3200  2  
[2019/08/14 21:45:21 389] isr        1547 ASR_MSG_AUW,   cloud  
[2019/08/14 21:45:21 390] isr        1559 3200  2  
[2019/08/14 21:45:21 552] isr        1547 ASR_MSG_AUW,   cloud  
[2019/08/14 21:45:21 552] isr        1559 3200  2  
[2019/08/14 21:45:21 553] isr        1636 ASR_MSG_GRSLT,   cloud  
[2019/08/14 21:45:21 553] isr        1335 0  udata(b0033318) 0  
[2019/08/14 21:45:21 555] isr        1547 ASR_MSG_AUW,   cloud  
[2019/08/14 21:45:21 555] isr        1559 3200  2  
[2019/08/14 21:45:21 557] isr        1636 ASR_MSG_GRSLT,   cloud  
[2019/08/14 21:45:21 557] isr        1335 0  nil  2  
[2019/08/14 21:45:21 714] isr        1547 ASR_MSG_AUW,   cloud  
[2019/08/14 21:45:21 715] isr        1559 3200  2  
[2019/08/14 21:45:21 879] isr        1547 ASR_MSG_AUW,   cloud  
[2019/08/14 21:45:21 879] isr        1559 3200  2  
[2019/08/14 21:45:21 880] isr        1547 ASR_MSG_AUW,   cloud  
[2019/08/14 21:45:21 880] isr        1559 3200  2  
[2019/08/14 21:45:22 042] isr        1547 ASR_MSG_AUW,   cloud  
[2019/08/14 21:45:22 042] isr        1559 3200  2  
[2019/08/14 21:45:22 043] isr        1547 ASR_MSG_AUW,   cloud  
[2019/08/14 21:45:22 043] isr        1559 3200  2  
[2019/08/14 21:45:22 179] isr        1547 ASR_MSG_AUW,   cloud  
[2019/08/14 21:45:22 179] isr        1559 3200  2  
[2019/08/14 21:45:22 342] isr        1547 ASR_MSG_AUW,   cloud  
[2019/08/14 21:45:22 342] isr        1559 3200  2  
[2019/08/14 21:45:22 343] isr        1547 ASR_MSG_AUW,   cloud  
[2019/08/14 21:45:22 344] isr        1559 3200  2  
[2019/08/14 21:45:22 505] isr        1547 ASR_MSG_AUW,   cloud  
[2019/08/14 21:45:22 505] isr        1559 3200  2  
[2019/08/14 21:45:22 506] isr        854  [aud] speech end  
[2019/08/14 21:45:22 507] isr        798  3  msc  
[2019/08/14 21:45:22 507] isr        864  aud end, MSC VAD  
[2019/08/14 21:45:22 669] isr        1547 ASR_MSG_AUW,   cloud  
[2019/08/14 21:45:22 670] isr        1559 3200  2  
[2019/08/14 21:45:22 671] isr        1636 ASR_MSG_GRSLT,   cloud  
[2019/08/14 21:45:22 671] isr        1335 0  nil  2  
[2019/08/14 21:45:22 684] isr        700  cloud_status_cb, eps:  3  
[2019/08/14 21:45:22 684] isr        798  3  cloud  
[2019/08/14 21:45:22 684] isr        800  already speech end  
[2019/08/14 21:45:22 687] isr        662  cloud_rslt_cb status =   5  
[2019/08/14 21:45:22 688] isr        641  process_result call:  cloud  udata(b00358b8) 5  nil  
[2019/08/14 21:45:22 688] isr        798  3  msc  
[2019/08/14 21:45:22 688] isr        800  already speech end  
[2019/08/14 21:45:22 772] isr        1636 ASR_MSG_GRSLT,   cloud  
[2019/08/14 21:45:22 772] isr        1335 0  udata(b00358b8) 5  
[2019/08/14 21:45:22 873] isr        1639 ASR_MSG_SSE,   cloud  
[2019/08/14 21:45:22 873] isr        1356 session_end() [in]  
[2019/08/14 21:45:22 873] isr        1421 cloud_session_end() [in]  
[2019/08/14 21:45:22 875] isr        1488 ns_host=  open.xf-yun.com  
[2019/08/14 21:45:22 875] isr        1498 tick()mod=  20622475  
[2019/08/14 21:45:22 875] isr        1499 tick()=  20622475  
[2019/08/14 21:45:22 875] isr        1501 diff=  2998  
[2019/08/14 21:45:22 876] isr        1514 cloud_session_end() [out]  
[2019/08/14 21:45:22 876] isr        1667 isr unload!  
