============================================================
Time  2019/08/01 17:19:44 244 
============================================================
[2019/08/01 17:19:44 244] ivw_local  1194 os_type is:  Linux  
[2019/08/01 17:19:44 244] ivw_local  1203 ivw loaded!  
[2019/08/01 17:19:44 244] ivw_local  1205 5.0.1016  
[2019/08/01 17:19:44 245] ivw_local  1207 SYS_MSG_SHUTDOWN  
============================================================
Time  2019/08/01 17:58:31 673 
============================================================
[2019/08/01 17:58:31 673] ivw_local  1194 os_type is:  Linux  
[2019/08/01 17:58:31 673] ivw_local  1203 ivw loaded!  
[2019/08/01 17:58:31 673] ivw_local  1205 5.0.1016  
[2019/08/01 17:58:31 673] ivw_local  1183 SYS_MSG_REGCB  msp_status_cb  func(b806caf0) 
[2019/08/01 17:58:31 674] ivw_local  972  IVW_LOCAL_MSG_INIT  
[2019/08/01 17:58:31 674] ivw_local  695  init :  appid=5d3fde6d,engine_start=ivw  
[2019/08/01 17:58:31 674] ivw_local  705  ivw_res_path:  nil  
[2019/08/01 17:58:31 674] ivw_local  707  ivw_res_path is nil  
[2019/08/01 17:58:31 674] ivw_local  735  fini  
============================================================
Time  2019/08/01 18:28:42 728 
============================================================
[2019/08/01 18:28:42 728] ivw_local  1194 os_type is:  Linux  
[2019/08/01 18:28:42 729] ivw_local  1203 ivw loaded!  
[2019/08/01 18:28:42 729] ivw_local  1205 5.0.1016  
[2019/08/01 18:28:42 729] ivw_local  1183 SYS_MSG_REGCB  msp_status_cb  func(f006caf0) 
[2019/08/01 18:28:42 729] ivw_local  972  IVW_LOCAL_MSG_INIT  
[2019/08/01 18:28:42 729] ivw_local  695  init :  appid=5d3fde6d,engine_start=ivw  
[2019/08/01 18:28:42 729] ivw_local  705  ivw_res_path:  nil  
[2019/08/01 18:28:42 729] ivw_local  707  ivw_res_path is nil  
[2019/08/01 18:28:42 729] ivw_local  735  fini  
