[2019/08/15 20:10:15 409] lgi        685  SYS_MSG_UNLOAD  go bg!  
[2019/08/15 20:10:15 456] lgi        590  LGI_MSG_START, caller =  cloud_cisr1PdHHBHj-rDOdcVdaa0JCd6EucZ1w6  
[2019/08/15 20:10:15 456] lgi        596  lgistat =   0  
[2019/08/15 20:10:15 456] lgi        622  lgi_auth_id =  nil  
[2019/08/15 20:10:15 456] transport  645  paramkvsport is   0  
[2019/08/15 20:10:15 456] transport  657  ns_enable=  1  
[2019/08/15 20:10:15 456] transport  659  2017-08--24 is_ns_need_close =   nil  
[2019/08/15 20:10:15 456] transport  665  net.nettype=  unknown  
[2019/08/15 20:10:15 457] transport  675  url.full=  nil  
[2019/08/15 20:10:15 457] transport  676  urltmp=  nil  
[2019/08/15 20:10:15 457] transport  680  server_url_host=, server_url_port=, server_url_path=  open.xf-yun.com  nil  /msp.do  
[2019/08/15 20:10:15 457] transport  708  url.full=  nil  
[2019/08/15 20:10:15 457] transport  907  net type:  unknown  
[2019/08/15 20:10:15 457] transport  908  net operator:  def  
[2019/08/15 20:10:15 457] transport  909  use proxy:  false  
[2019/08/15 20:10:15 457] lgi        271  [session] send lgi request  
[2019/08/15 20:10:15 457] transport  1107 session.domain=  open.xf-yun.com  
[2019/08/15 20:10:15 457] transport  1108 url.host=  open.xf-yun.com  
[2019/08/15 20:10:15 457] transport  1085 NAMESERVER START  
[2019/08/15 20:10:15 457] transport  1088 name =   ath  
[2019/08/15 20:10:15 458] ns         629  ntt=  unknown  
[2019/08/15 20:10:15 458] transport  1091 trans,ns_inprog =  0  
[2019/08/15 20:10:15 458] ns         585  name server start  
[2019/08/15 20:10:15 458] ns         586  ns_sub =   ath  
[2019/08/15 20:10:15 458] ns         588  ns_host=  open.xf-yun.com  
[2019/08/15 20:10:15 458] ns         479  ns_host=  open.xf-yun.com  
[2019/08/15 20:10:15 458] ns         558  GET /sip/resolver?srand=0815201011.32 HTTP/1.1
Host: hdns.xf-yun.com
Connection: Keep-Alive
X-Par: ver=1.3&appid=5d3fde6d&operator=UNKNOW&nettype=STANDARD&cver=5.0.41.1218&svc=ath&host=open.xf-yun.com&sign=6163dc7c0aa0c2a81f70cde26ec64c44
User-Agent: iFLYCloud

  
[2019/08/15 20:10:15 458] ns         559  net_type =  standard  
[2019/08/15 20:10:15 458] ns         560  cmwapascmnet =  
[2019/08/15 20:10:15 458] ns         561  uniwapasuninet =  
[2019/08/15 20:10:15 458] ns         562  ctwapasctnet =  
[2019/08/15 20:10:15 458] ns         579  host=  hdns.xf-yun.com  
[2019/08/15 20:10:15 459] network    263  gethostbyname  hdns.xf-yun.com  ns1  
[2019/08/15 20:10:15 459] lgi        238  lver:  nil  
[2019/08/15 20:10:15 459] lgi        243  cfg_ver:  nil  
[2019/08/15 20:10:15 459] transport  1858 transport_obj.send | in  
[2019/08/15 20:10:15 459] transport  1864 self.msg_flag_q  table(64005c30) 
[2019/08/15 20:10:15 459] transport  1865 self.msg_q  table(64005be0) 
[2019/08/15 20:10:15 459] transport  1797 transport_obj.try2send | in  
[2019/08/15 20:10:15 459] transport  1798 self.soc  nil  
[2019/08/15 20:10:15 459] transport  1799 self.connected  false  
[2019/08/15 20:10:15 459] transport  1800 self.latesterr  0  
[2019/08/15 20:10:15 460] transport  1871 transport_obj.send | out  
[2019/08/15 20:10:15 460] network    245  dns resp  0  ns1  
[2019/08/15 20:10:15 460] ns         425  ns dns ok  42.62.116.34  
[2019/08/15 20:10:15 461] ns         205  iplist not avail  
[2019/08/15 20:10:15 461] ns         432  is_voicecloud_ip=  0  
[2019/08/15 20:10:15 461] ns         439  ip_is_expected=  true  
[2019/08/15 20:10:15 461] ns         447  ip_is_expected=  true  
[2019/08/15 20:10:15 461] network    445  gethttpresp2  42.62.116.34  80  ns2  
[2019/08/15 20:10:15 461] network    465  prot_type  tcp  
[2019/08/15 20:10:15 462] transport  194  [dns] [1] response 42.62.116.18  
[2019/08/15 20:10:15 462] transport  202  42  62  116  18  
[2019/08/15 20:10:15 462] transport  204  ipv =  v4  
[2019/08/15 20:10:15 462] transport  208  dns ip is v4  
[2019/08/15 20:10:15 463] transport  130  iplist not avail  
[2019/08/15 20:10:15 463] transport  247  no iplist now  
[2019/08/15 20:10:15 463] network    95   iptoenv ,  ipcache  open.xf-yun.com  def  42.62.116.18  
[2019/08/15 20:10:15 465] transport  291  dns cb start conn  
[2019/08/15 20:10:15 465] transport  1303 [soc] connect   42.62.116.18  1028  
[2019/08/15 20:10:15 466] transport  1315 mspsoc.open,prot_type=  tcp  
[2019/08/15 20:10:15 522] network    350  connected  ns2  
[2019/08/15 20:10:15 523] network    353  send ok  268  ns2  
[2019/08/15 20:10:15 534] transport  473  [soc] [1] connected  
[2019/08/15 20:10:15 534] transport  1797 transport_obj.try2send | in  
[2019/08/15 20:10:15 534] transport  1798 self.soc  udata(640876f8) 
[2019/08/15 20:10:15 535] transport  1799 self.connected  true  
[2019/08/15 20:10:15 535] transport  1800 self.latesterr  0  
[2019/08/15 20:10:15 536] transport  1817 transport:try2send,#msg_q=  1  
[2019/08/15 20:10:15 536] transport  1358 build http request.  
[2019/08/15 20:10:15 537] transport  1475 POST /msp.do HTTP/1.1
X-Sub: auth
X-Par: ver=MSSP+0%2E9&sub=auth&cmd=lgi&cver=5%2E0%2E41%2E1218&key=08WqvkcvqK5Pw=
Host: open.xf-yun.com
CT: multipart/mixed;boundary=--
CL: 331

----
Content-Length:56
Content-Type:text/appinfo
Content-Encoding:gzip,encrypt/0.2

 Æîh[«òÅ  
[2019/08/15 20:10:15 539] transport  1817 transport:try2send,#msg_q=  0  
[2019/08/15 20:10:15 540] transport  482  [soc] [1] send ok  516  
[2019/08/15 20:10:15 540] transport  1797 transport_obj.try2send | in  
[2019/08/15 20:10:15 540] transport  1798 self.soc  udata(640876f8) 
[2019/08/15 20:10:15 540] transport  1799 self.connected  true  
[2019/08/15 20:10:15 540] transport  1800 self.latesterr  0  
[2019/08/15 20:10:15 540] transport  1817 transport:try2send,#msg_q=  0  
[2019/08/15 20:10:15 583] network    362  readable  ns2  
[2019/08/15 20:10:15 583] network    366  HTTP/1.1 200 OK
Date: Thu, 15 Aug 2019 12:10:15 GMT
Content-Type: application/json
Content-Length: 309
Connection: keep-alive
Server: iflytek/hdns

{"dns":[{"host":"open.xf-yun.com","sip":[{"svc":"ath","ips":[{"ip":"59.107.24.5","port":80,"idc":"gz"},{"ip":"59.107.24.11","port":980,"idc":"gz"}],"ttl":6000,"compel":0}]}],"default":[{"host":"open.xf-yun.com","sip":[{"svc":"ath","ips":[{"ip":"59.107.24.11","port":980,"idc":"gz"}],"ttl":6000,"compel":0}]}]}  
[2019/08/15 20:10:15 584] ns         256  name server http resp  table(64070ac0) 0  udata(6402a778) 
[2019/08/15 20:10:15 584] ns         269  ns response OK for this time!  
[2019/08/15 20:10:15 584] ns         280  from_server=  iflytek/hdns  
[2019/08/15 20:10:15 585] ns         363  compel :  0  
[2019/08/15 20:10:15 585] ns         374  tick()=  1162191  
[2019/08/15 20:10:15 585] ns         378  tick()mod=  1162192  
[2019/08/15 20:10:15 585] ns         379  ns_host=  open.xf-yun.com  
[2019/08/15 20:10:15 586] ns         392  ns_host=  open.xf-yun.com  
[2019/08/15 20:10:15 586] transport  1065 ns_ip =   59.107.24.5  
[2019/08/15 20:10:15 586] transport  1066 ip_type =  assigned_athopen.xf-yun.com_host  
[2019/08/15 20:10:15 586] ns         658  no data in ns_q  
[2019/08/15 20:10:15 586] ns         659  conti_ns,ns_inprog =   1  
[2019/08/15 20:10:16 745] transport  494  [soc] [1] readable  
[2019/08/15 20:10:16 745] transport  1765 HTTP/1.1 200 OK
Content-Length: 1
X-Req-Date: 2019/08/15 20:10:15 576
X-Par: ver=MSSP+0%2E9&ret=0&cver=5%2E0%2E41%2E1218&uid=d13574428581&key=0b/Tr430^T^1GMCPp9kk1e1BefsNzr3/ZrT/9TaXIGxbS^^GHVr44O7L3OhtW1JH8X4lYabAxHK53iqjMMDxue9OKqMwwPG570
CT: text/plain
CL: 1
Content-Length: 1
X-Res-Date: 2019/08/15 20:10:16 715

0  
[2019/08/15 20:10:16 745] transport  1493 a_complete_httpmessage  200  
[2019/08/15 20:10:16 745] transport  1603 is_update  false  
[2019/08/15 20:10:16 745] lgi        99   [trans] [id = lgi_] readable  
[2019/08/15 20:10:16 746] network    90   ipfromenv ,  ipcache  open.xf-yun.com  def  42.62.116.18  
[2019/08/15 20:10:16 746] transport  981  cached ip is confirmed  
[2019/08/15 20:10:16 746] transport  1331 [soc] disconnect   
[2019/08/15 20:10:16 746] transport  991  transport clean  
[2019/08/15 20:10:16 746] lgi        130  lgi resp!  
[2019/08/15 20:10:16 747] lgi        137  lgi ok!  
[2019/08/15 20:10:16 747] lgi        145  unkown  d13574428581  
[2019/08/15 20:10:16 747] lgi        69   notify_lgi_result, ret=0, loginid=d13574428581@5d3fde6d  
[2019/08/15 20:10:20 876] lgi        689  SYS_MSG_SHUTDOWN  
============================================================
Time  2019/08/15 20:10:21 100 
============================================================
[2019/08/15 20:10:21 100] lgi        676  SYS_MSG_LOAD  
[2019/08/15 20:10:21 101] lgi        698  SYS_MSG_REGCB  msp_status_cb  func(3401c7d0) 
[2019/08/15 20:10:21 102] lgi        292  LGI_MSG_INIT  
[2019/08/15 20:10:21 102] lgi        299  lgi  lgi_  268436457  1537256992  
[2019/08/15 20:10:21 102] lgi        335  lgi params:  appid = 5d3fde6d, work_dir = .  
[2019/08/15 20:10:21 102] lgi        349  auth_time_str=  2019/08/15 20:10:21  
[2019/08/15 20:10:21 102] lgi        355  auth_appid=  5d3fde6d  
[2019/08/15 20:10:21 103] lgi        380  lgi ivwnet_querying  
[2019/08/15 20:10:21 103] lgi        395  token:  nil  
[2019/08/15 20:10:21 103] lgi        468  msc cver : 5.0.41.1218  
[2019/08/15 20:10:21 103] lgi        511  ns_enable=  1  
[2019/08/15 20:10:21 103] lgi        523  prot_ver=1  
[2019/08/15 20:10:21 103] lgi        534  prot_type=tcp  
[2019/08/15 20:10:21 103] lgi        685  SYS_MSG_UNLOAD  go bg!  
[2019/08/15 20:10:21 112] lgi        590  LGI_MSG_START, caller =  ctts1PdHHBHj-rDVdj1xaatIIPD9wfokHI  
[2019/08/15 20:10:21 112] lgi        596  lgistat =   0  
[2019/08/15 20:10:21 112] lgi        622  lgi_auth_id =  nil  
[2019/08/15 20:10:21 112] transport  645  paramkvsport is   0  
[2019/08/15 20:10:21 112] transport  657  ns_enable=  1  
[2019/08/15 20:10:21 112] transport  659  2017-08--24 is_ns_need_close =   nil  
[2019/08/15 20:10:21 113] transport  665  net.nettype=  unknown  
[2019/08/15 20:10:21 113] transport  675  url.full=  nil  
[2019/08/15 20:10:21 113] transport  676  urltmp=  nil  
[2019/08/15 20:10:21 113] transport  680  server_url_host=, server_url_port=, server_url_path=  open.xf-yun.com  nil  /msp.do  
[2019/08/15 20:10:21 113] transport  708  url.full=  nil  
[2019/08/15 20:10:21 113] transport  907  net type:  unknown  
[2019/08/15 20:10:21 113] transport  908  net operator:  def  
[2019/08/15 20:10:21 113] transport  909  use proxy:  false  
[2019/08/15 20:10:21 113] lgi        271  [session] send lgi request  
[2019/08/15 20:10:21 114] transport  1107 session.domain=  open.xf-yun.com  
[2019/08/15 20:10:21 114] transport  1108 url.host=  open.xf-yun.com  
[2019/08/15 20:10:21 114] transport  1085 NAMESERVER START  
[2019/08/15 20:10:21 114] transport  1088 name =   ath  
[2019/08/15 20:10:21 114] ns         629  ntt=  unknown  
[2019/08/15 20:10:21 114] transport  1091 trans,ns_inprog =  0  
[2019/08/15 20:10:21 115] ns         585  name server start  
[2019/08/15 20:10:21 115] ns         586  ns_sub =   ath  
[2019/08/15 20:10:21 115] ns         588  ns_host=  open.xf-yun.com  
[2019/08/15 20:10:21 115] ns         479  ns_host=  open.xf-yun.com  
[2019/08/15 20:10:21 115] ns         558  GET /sip/resolver?srand=0815201011.32 HTTP/1.1
Host: hdns.xf-yun.com
Connection: Keep-Alive
X-Par: ver=1.3&appid=5d3fde6d&operator=UNKNOW&nettype=STANDARD&cver=5.0.41.1218&svc=ath&host=open.xf-yun.com&sign=6163dc7c0aa0c2a81f70cde26ec64c44
User-Agent: iFLYCloud

  
[2019/08/15 20:10:21 115] ns         559  net_type =  standard  
[2019/08/15 20:10:21 115] ns         560  cmwapascmnet =  
[2019/08/15 20:10:21 117] ns         561  uniwapasuninet =  
[2019/08/15 20:10:21 117] ns         562  ctwapasctnet =  
[2019/08/15 20:10:21 117] ns         579  host=  hdns.xf-yun.com  
[2019/08/15 20:10:21 118] network    263  gethostbyname  hdns.xf-yun.com  ns1  
[2019/08/15 20:10:21 119] lgi        238  lver:  nil  
[2019/08/15 20:10:21 119] lgi        243  cfg_ver:  nil  
[2019/08/15 20:10:21 119] transport  1858 transport_obj.send | in  
[2019/08/15 20:10:21 119] transport  1864 self.msg_flag_q  table(34003f70) 
[2019/08/15 20:10:21 120] transport  1865 self.msg_q  table(34003f20) 
[2019/08/15 20:10:21 120] transport  1797 transport_obj.try2send | in  
[2019/08/15 20:10:21 120] transport  1798 self.soc  nil  
[2019/08/15 20:10:21 120] transport  1799 self.connected  false  
[2019/08/15 20:10:21 120] transport  1800 self.latesterr  0  
[2019/08/15 20:10:21 120] transport  1871 transport_obj.send | out  
[2019/08/15 20:10:21 123] network    245  dns resp  0  ns1  
[2019/08/15 20:10:21 123] ns         425  ns dns ok  42.62.116.34  
[2019/08/15 20:10:21 123] ns         205  iplist not avail  
[2019/08/15 20:10:21 124] ns         432  is_voicecloud_ip=  0  
[2019/08/15 20:10:21 124] ns         439  ip_is_expected=  true  
[2019/08/15 20:10:21 124] ns         447  ip_is_expected=  true  
[2019/08/15 20:10:21 124] network    445  gethttpresp2  42.62.116.34  80  ns2  
[2019/08/15 20:10:21 124] network    465  prot_type  tcp  
[2019/08/15 20:10:21 151] transport  194  [dns] [1] response 42.62.116.18  
[2019/08/15 20:10:21 151] transport  202  42  62  116  18  
[2019/08/15 20:10:21 151] transport  204  ipv =  v4  
[2019/08/15 20:10:21 152] transport  208  dns ip is v4  
[2019/08/15 20:10:21 152] transport  130  iplist not avail  
[2019/08/15 20:10:21 152] transport  247  no iplist now  
[2019/08/15 20:10:21 153] network    95   iptoenv ,  ipcache  open.xf-yun.com  def  42.62.116.18  
[2019/08/15 20:10:21 155] transport  291  dns cb start conn  
[2019/08/15 20:10:21 155] transport  1303 [soc] connect   42.62.116.18  1028  
[2019/08/15 20:10:21 155] transport  1315 mspsoc.open,prot_type=  tcp  
[2019/08/15 20:10:21 210] network    350  connected  ns2  
[2019/08/15 20:10:21 212] network    353  send ok  268  ns2  
[2019/08/15 20:10:21 232] transport  473  [soc] [1] connected  
[2019/08/15 20:10:21 232] transport  1797 transport_obj.try2send | in  
[2019/08/15 20:10:21 232] transport  1798 self.soc  udata(3400d0f8) 
[2019/08/15 20:10:21 232] transport  1799 self.connected  true  
[2019/08/15 20:10:21 232] transport  1800 self.latesterr  0  
[2019/08/15 20:10:21 232] transport  1817 transport:try2send,#msg_q=  1  
[2019/08/15 20:10:21 232] transport  1358 build http request.  
[2019/08/15 20:10:21 233] transport  1475 POST /msp.do HTTP/1.1
X-Sub: auth
X-Par: ver=MSSP+0%2E9&sub=auth&cmd=lgi&cver=5%2E0%2E41%2E1218&key=08WqvkcvqK5Pw=
Host: open.xf-yun.com
CT: multipart/mixed;boundary=--
CL: 331

----
Content-Length:56
Content-Type:text/appinfo
Content-Encoding:gzip,encrypt/0.2

 Æîh[«òÅ  
[2019/08/15 20:10:21 234] transport  1817 transport:try2send,#msg_q=  0  
[2019/08/15 20:10:21 235] transport  482  [soc] [1] send ok  516  
[2019/08/15 20:10:21 235] transport  1797 transport_obj.try2send | in  
[2019/08/15 20:10:21 235] transport  1798 self.soc  udata(3400d0f8) 
[2019/08/15 20:10:21 235] transport  1799 self.connected  true  
[2019/08/15 20:10:21 235] transport  1800 self.latesterr  0  
[2019/08/15 20:10:21 235] transport  1817 transport:try2send,#msg_q=  0  
[2019/08/15 20:10:21 281] network    362  readable  ns2  
[2019/08/15 20:10:21 281] network    366  HTTP/1.1 200 OK
Date: Thu, 15 Aug 2019 12:10:21 GMT
Content-Type: application/json
Content-Length: 307
Connection: keep-alive
Server: iflytek/hdns

{"dns":[{"host":"open.xf-yun.com","sip":[{"svc":"ath","ips":[{"ip":"59.107.24.11","port":980,"idc":"gz"},{"ip":"59.107.24.5","port":80,"idc":"gz"}],"ttl":6000,"compel":0}]}],"default":[{"host":"open.xf-yun.com","sip":[{"svc":"ath","ips":[{"ip":"59.107.24.5","port":80,"idc":"gz"}],"ttl":6000,"compel":0}]}]}  
[2019/08/15 20:10:21 282] ns         256  name server http resp  table(34061be0) 0  udata(34004128) 
[2019/08/15 20:10:21 282] ns         269  ns response OK for this time!  
[2019/08/15 20:10:21 283] ns         280  from_server=  iflytek/hdns  
[2019/08/15 20:10:21 284] ns         363  compel :  0  
[2019/08/15 20:10:21 284] ns         374  tick()=  1167890  
[2019/08/15 20:10:21 284] ns         378  tick()mod=  1167891  
[2019/08/15 20:10:21 284] ns         379  ns_host=  open.xf-yun.com  
[2019/08/15 20:10:21 285] ns         392  ns_host=  open.xf-yun.com  
[2019/08/15 20:10:21 285] transport  1065 ns_ip =   59.107.24.11  
[2019/08/15 20:10:21 285] transport  1066 ip_type =  assigned_athopen.xf-yun.com_host  
[2019/08/15 20:10:21 285] ns         658  no data in ns_q  
[2019/08/15 20:10:21 285] ns         659  conti_ns,ns_inprog =   1  
[2019/08/15 20:10:21 585] lgi        689  SYS_MSG_SHUTDOWN  
============================================================
Time  2019/08/15 20:10:23 628 
============================================================
[2019/08/15 20:10:23 628] lgi        676  SYS_MSG_LOAD  
[2019/08/15 20:10:23 629] lgi        698  SYS_MSG_REGCB  msp_status_cb  func(cc0538a0) 
[2019/08/15 20:10:23 629] lgi        292  LGI_MSG_INIT  
[2019/08/15 20:10:23 629] lgi        299  lgi  lgi_  268436457  1537256992  
[2019/08/15 20:10:23 629] lgi        335  lgi params:  appid = 5d3fde6d, work_dir = .  
[2019/08/15 20:10:23 630] lgi        349  auth_time_str=  2019/08/15 20:10:23  
[2019/08/15 20:10:23 630] lgi        355  auth_appid=  5d3fde6d  
[2019/08/15 20:10:23 631] lgi        380  lgi ivwnet_querying  
[2019/08/15 20:10:23 631] lgi        395  token:  nil  
[2019/08/15 20:10:23 631] lgi        468  msc cver : 5.0.41.1218  
[2019/08/15 20:10:23 631] lgi        511  ns_enable=  1  
[2019/08/15 20:10:23 631] lgi        523  prot_ver=1  
[2019/08/15 20:10:23 631] lgi        534  prot_type=tcp  
[2019/08/15 20:10:23 632] lgi        685  SYS_MSG_UNLOAD  go bg!  
[2019/08/15 20:10:23 673] lgi        590  LGI_MSG_START, caller =  cloud_cisr1PdHHBHj-rDQdjVjaa0g8HMywIH5GM  
[2019/08/15 20:10:23 673] lgi        596  lgistat =   0  
[2019/08/15 20:10:23 673] lgi        622  lgi_auth_id =  nil  
[2019/08/15 20:10:23 673] transport  645  paramkvsport is   0  
[2019/08/15 20:10:23 673] transport  657  ns_enable=  1  
[2019/08/15 20:10:23 674] transport  659  2017-08--24 is_ns_need_close =   nil  
[2019/08/15 20:10:23 674] transport  665  net.nettype=  unknown  
[2019/08/15 20:10:23 674] transport  675  url.full=  nil  
[2019/08/15 20:10:23 674] transport  676  urltmp=  nil  
[2019/08/15 20:10:23 674] transport  680  server_url_host=, server_url_port=, server_url_path=  open.xf-yun.com  nil  /msp.do  
[2019/08/15 20:10:23 674] transport  708  url.full=  nil  
[2019/08/15 20:10:23 674] transport  907  net type:  unknown  
[2019/08/15 20:10:23 674] transport  908  net operator:  def  
[2019/08/15 20:10:23 674] transport  909  use proxy:  false  
[2019/08/15 20:10:23 674] lgi        271  [session] send lgi request  
[2019/08/15 20:10:23 675] transport  1107 session.domain=  open.xf-yun.com  
[2019/08/15 20:10:23 675] transport  1108 url.host=  open.xf-yun.com  
[2019/08/15 20:10:23 675] transport  1085 NAMESERVER START  
[2019/08/15 20:10:23 675] transport  1088 name =   ath  
[2019/08/15 20:10:23 675] ns         629  ntt=  unknown  
[2019/08/15 20:10:23 675] transport  1091 trans,ns_inprog =  0  
[2019/08/15 20:10:23 675] ns         585  name server start  
[2019/08/15 20:10:23 675] ns         586  ns_sub =   ath  
[2019/08/15 20:10:23 675] ns         588  ns_host=  open.xf-yun.com  
[2019/08/15 20:10:23 675] ns         479  ns_host=  open.xf-yun.com  
[2019/08/15 20:10:23 675] ns         558  GET /sip/resolver?srand=0815201011.32 HTTP/1.1
Host: hdns.xf-yun.com
Connection: Keep-Alive
X-Par: ver=1.3&appid=5d3fde6d&operator=UNKNOW&nettype=STANDARD&cver=5.0.41.1218&svc=ath&host=open.xf-yun.com&sign=6163dc7c0aa0c2a81f70cde26ec64c44
User-Agent: iFLYCloud

  
[2019/08/15 20:10:23 676] ns         559  net_type =  standard  
[2019/08/15 20:10:23 676] ns         560  cmwapascmnet =  
[2019/08/15 20:10:23 676] ns         561  uniwapasuninet =  
[2019/08/15 20:10:23 676] ns         562  ctwapasctnet =  
[2019/08/15 20:10:23 676] ns         579  host=  hdns.xf-yun.com  
[2019/08/15 20:10:23 676] network    263  gethostbyname  hdns.xf-yun.com  ns1  
[2019/08/15 20:10:23 676] lgi        238  lver:  nil  
[2019/08/15 20:10:23 677] lgi        243  cfg_ver:  nil  
[2019/08/15 20:10:23 677] transport  1858 transport_obj.send | in  
[2019/08/15 20:10:23 677] transport  1864 self.msg_flag_q  table(cc0709b0) 
[2019/08/15 20:10:23 677] transport  1865 self.msg_q  table(cc070960) 
[2019/08/15 20:10:23 677] transport  1797 transport_obj.try2send | in  
[2019/08/15 20:10:23 677] transport  1798 self.soc  nil  
[2019/08/15 20:10:23 677] transport  1799 self.connected  false  
[2019/08/15 20:10:23 677] transport  1800 self.latesterr  0  
[2019/08/15 20:10:23 677] transport  1871 transport_obj.send | out  
[2019/08/15 20:10:23 678] network    245  dns resp  0  ns1  
[2019/08/15 20:10:23 678] ns         425  ns dns ok  42.62.116.34  
[2019/08/15 20:10:23 678] ns         205  iplist not avail  
[2019/08/15 20:10:23 678] ns         432  is_voicecloud_ip=  0  
[2019/08/15 20:10:23 678] ns         439  ip_is_expected=  true  
[2019/08/15 20:10:23 678] ns         447  ip_is_expected=  true  
[2019/08/15 20:10:23 679] network    445  gethttpresp2  42.62.116.34  80  ns2  
[2019/08/15 20:10:23 679] network    465  prot_type  tcp  
[2019/08/15 20:10:23 680] transport  194  [dns] [1] response 42.62.116.18  
[2019/08/15 20:10:23 680] transport  202  42  62  116  18  
[2019/08/15 20:10:23 680] transport  204  ipv =  v4  
[2019/08/15 20:10:23 680] transport  208  dns ip is v4  
[2019/08/15 20:10:23 680] transport  130  iplist not avail  
[2019/08/15 20:10:23 680] transport  247  no iplist now  
[2019/08/15 20:10:23 680] network    95   iptoenv ,  ipcache  open.xf-yun.com  def  42.62.116.18  
[2019/08/15 20:10:23 682] transport  291  dns cb start conn  
[2019/08/15 20:10:23 682] transport  1303 [soc] connect   42.62.116.18  1028  
[2019/08/15 20:10:23 682] transport  1315 mspsoc.open,prot_type=  tcp  
[2019/08/15 20:10:23 740] network    350  connected  ns2  
[2019/08/15 20:10:23 741] network    353  send ok  268  ns2  
[2019/08/15 20:10:23 761] transport  473  [soc] [1] connected  
[2019/08/15 20:10:23 761] transport  1797 transport_obj.try2send | in  
[2019/08/15 20:10:23 761] transport  1798 self.soc  udata(cc043b08) 
[2019/08/15 20:10:23 761] transport  1799 self.connected  true  
[2019/08/15 20:10:23 762] transport  1800 self.latesterr  0  
[2019/08/15 20:10:23 762] transport  1817 transport:try2send,#msg_q=  1  
[2019/08/15 20:10:23 762] transport  1358 build http request.  
[2019/08/15 20:10:23 763] transport  1475 POST /msp.do HTTP/1.1
X-Sub: auth
X-Par: ver=MSSP+0%2E9&sub=auth&cmd=lgi&cver=5%2E0%2E41%2E1218&key=08WqvkcvqK5Pw=
Host: open.xf-yun.com
CT: multipart/mixed;boundary=--
CL: 331

----
Content-Length:56
Content-Type:text/appinfo
Content-Encoding:gzip,encrypt/0.2

 Æîh[«òÅ  
[2019/08/15 20:10:23 765] transport  1817 transport:try2send,#msg_q=  0  
[2019/08/15 20:10:23 766] transport  482  [soc] [1] send ok  516  
[2019/08/15 20:10:23 766] transport  1797 transport_obj.try2send | in  
[2019/08/15 20:10:23 766] transport  1798 self.soc  udata(cc043b08) 
[2019/08/15 20:10:23 766] transport  1799 self.connected  true  
[2019/08/15 20:10:23 766] transport  1800 self.latesterr  0  
[2019/08/15 20:10:23 766] transport  1817 transport:try2send,#msg_q=  0  
[2019/08/15 20:10:23 800] network    362  readable  ns2  
[2019/08/15 20:10:23 800] network    366  HTTP/1.1 200 OK
Date: Thu, 15 Aug 2019 12:10:23 GMT
Content-Type: application/json
Content-Length: 307
Connection: keep-alive
Server: iflytek/hdns

{"dns":[{"host":"open.xf-yun.com","sip":[{"svc":"ath","ips":[{"ip":"59.107.24.11","port":980,"idc":"gz"},{"ip":"59.107.24.5","port":80,"idc":"gz"}],"ttl":6000,"compel":0}]}],"default":[{"host":"open.xf-yun.com","sip":[{"svc":"ath","ips":[{"ip":"59.107.24.5","port":80,"idc":"gz"}],"ttl":6000,"compel":0}]}]}  
[2019/08/15 20:10:23 800] ns         256  name server http resp  table(cc043cc0) 0  udata(cc005df8) 
[2019/08/15 20:10:23 800] ns         269  ns response OK for this time!  
[2019/08/15 20:10:23 800] ns         280  from_server=  iflytek/hdns  
[2019/08/15 20:10:23 801] ns         363  compel :  0  
[2019/08/15 20:10:23 801] ns         374  tick()=  1170408  
[2019/08/15 20:10:23 801] ns         378  tick()mod=  1170408  
[2019/08/15 20:10:23 802] ns         379  ns_host=  open.xf-yun.com  
[2019/08/15 20:10:23 802] ns         392  ns_host=  open.xf-yun.com  
[2019/08/15 20:10:23 802] transport  1065 ns_ip =   59.107.24.11  
[2019/08/15 20:10:23 802] transport  1066 ip_type =  assigned_athopen.xf-yun.com_host  
[2019/08/15 20:10:23 802] ns         658  no data in ns_q  
[2019/08/15 20:10:23 802] ns         659  conti_ns,ns_inprog =   1  
[2019/08/15 20:10:24 963] transport  494  [soc] [1] readable  
[2019/08/15 20:10:24 964] transport  1765 HTTP/1.1 200 OK
Content-Length: 1
X-Req-Date: 2019/08/15 20:10:23 809
X-Par: ver=MSSP+0%2E9&ret=0&cver=5%2E0%2E41%2E1218&key=09JHaGSCXVsN/6Gg/vPD0RNEHKFtArM/lJ^vk3cJ8TSg7WLKskKiOVlw==
CT: text/plain
CL: 1
Content-Length: 1
X-Res-Date: 2019/08/15 20:10:24 942

0  
[2019/08/15 20:10:24 964] transport  1493 a_complete_httpmessage  200  
[2019/08/15 20:10:24 964] transport  1603 is_update  false  
[2019/08/15 20:10:24 964] lgi        99   [trans] [id = lgi_] readable  
[2019/08/15 20:10:24 966] network    90   ipfromenv ,  ipcache  open.xf-yun.com  def  42.62.116.18  
[2019/08/15 20:10:24 966] transport  981  cached ip is confirmed  
[2019/08/15 20:10:24 966] transport  1331 [soc] disconnect   
[2019/08/15 20:10:24 967] transport  991  transport clean  
[2019/08/15 20:10:24 967] lgi        130  lgi resp!  
[2019/08/15 20:10:24 967] lgi        132  loginid = nil  
============================================================
Time  2019/08/15 20:14:21 798 
============================================================
[2019/08/15 20:14:21 798] lgi        676  SYS_MSG_LOAD  
[2019/08/15 20:14:21 799] lgi        698  SYS_MSG_REGCB  msp_status_cb  func(f0013aa0) 
[2019/08/15 20:14:21 800] lgi        292  LGI_MSG_INIT  
[2019/08/15 20:14:21 800] lgi        299  lgi  lgi_  268436457  1537256992  
[2019/08/15 20:14:21 800] lgi        335  lgi params:  appid = 5d3fde6d, work_dir = .  
[2019/08/15 20:14:21 800] lgi        349  auth_time_str=  2019/08/15 20:14:21  
[2019/08/15 20:14:21 800] lgi        355  auth_appid=  5d3fde6d  
[2019/08/15 20:14:21 801] lgi        380  lgi ivwnet_querying  
[2019/08/15 20:14:21 801] lgi        395  token:  nil  
[2019/08/15 20:14:21 801] lgi        468  msc cver : 5.0.41.1218  
[2019/08/15 20:14:21 801] lgi        511  ns_enable=  1  
[2019/08/15 20:14:21 801] lgi        523  prot_ver=1  
[2019/08/15 20:14:21 801] lgi        534  prot_type=tcp  
[2019/08/15 20:14:21 802] lgi        685  SYS_MSG_UNLOAD  go bg!  
[2019/08/15 20:14:21 849] lgi        590  LGI_MSG_START, caller =  cloud_cisr1PdHHBHj-rqj1y9SaadYlucQBdNasr  
[2019/08/15 20:14:21 849] lgi        596  lgistat =   0  
[2019/08/15 20:14:21 849] lgi        622  lgi_auth_id =  nil  
[2019/08/15 20:14:21 849] transport  645  paramkvsport is   0  
[2019/08/15 20:14:21 849] transport  657  ns_enable=  1  
[2019/08/15 20:14:21 849] transport  659  2017-08--24 is_ns_need_close =   nil  
[2019/08/15 20:14:21 849] transport  665  net.nettype=  unknown  
[2019/08/15 20:14:21 849] transport  675  url.full=  nil  
[2019/08/15 20:14:21 849] transport  676  urltmp=  nil  
[2019/08/15 20:14:21 850] transport  680  server_url_host=, server_url_port=, server_url_path=  open.xf-yun.com  nil  /msp.do  
[2019/08/15 20:14:21 850] transport  708  url.full=  nil  
[2019/08/15 20:14:21 850] transport  907  net type:  unknown  
[2019/08/15 20:14:21 850] transport  908  net operator:  def  
[2019/08/15 20:14:21 850] transport  909  use proxy:  false  
[2019/08/15 20:14:21 850] lgi        271  [session] send lgi request  
[2019/08/15 20:14:21 850] transport  1107 session.domain=  open.xf-yun.com  
[2019/08/15 20:14:21 850] transport  1108 url.host=  open.xf-yun.com  
[2019/08/15 20:14:21 850] transport  1085 NAMESERVER START  
[2019/08/15 20:14:21 850] transport  1088 name =   ath  
[2019/08/15 20:14:21 850] ns         629  ntt=  unknown  
[2019/08/15 20:14:21 850] transport  1091 trans,ns_inprog =  0  
[2019/08/15 20:14:21 850] ns         585  name server start  
[2019/08/15 20:14:21 851] ns         586  ns_sub =   ath  
[2019/08/15 20:14:21 851] ns         588  ns_host=  open.xf-yun.com  
[2019/08/15 20:14:21 851] ns         479  ns_host=  open.xf-yun.com  
[2019/08/15 20:14:21 851] ns         558  GET /sip/resolver?srand=0815201411.32 HTTP/1.1
Host: hdns.xf-yun.com
Connection: Keep-Alive
X-Par: ver=1.3&appid=5d3fde6d&operator=UNKNOW&nettype=STANDARD&cver=5.0.41.1218&svc=ath&host=open.xf-yun.com&sign=672839c62b928a5ed640c138e641d2ab
User-Agent: iFLYCloud

  
[2019/08/15 20:14:21 851] ns         559  net_type =  standard  
[2019/08/15 20:14:21 851] ns         560  cmwapascmnet =  
[2019/08/15 20:14:21 851] ns         561  uniwapasuninet =  
[2019/08/15 20:14:21 851] ns         562  ctwapasctnet =  
[2019/08/15 20:14:21 851] ns         579  host=  hdns.xf-yun.com  
[2019/08/15 20:14:21 851] network    263  gethostbyname  hdns.xf-yun.com  ns1  
[2019/08/15 20:14:21 852] lgi        238  lver:  nil  
[2019/08/15 20:14:21 852] lgi        243  cfg_ver:  nil  
[2019/08/15 20:14:21 852] transport  1858 transport_obj.send | in  
[2019/08/15 20:14:21 852] transport  1864 self.msg_flag_q  table(f00532b0) 
[2019/08/15 20:14:21 852] transport  1865 self.msg_q  table(f0018930) 
[2019/08/15 20:14:21 852] transport  1797 transport_obj.try2send | in  
[2019/08/15 20:14:21 852] transport  1798 self.soc  nil  
[2019/08/15 20:14:21 852] transport  1799 self.connected  false  
[2019/08/15 20:14:21 852] transport  1800 self.latesterr  0  
[2019/08/15 20:14:21 852] transport  1871 transport_obj.send | out  
[2019/08/15 20:14:21 931] network    245  dns resp  0  ns1  
[2019/08/15 20:14:21 932] ns         425  ns dns ok  42.62.116.35  
[2019/08/15 20:14:21 932] ns         205  iplist not avail  
[2019/08/15 20:14:21 933] ns         432  is_voicecloud_ip=  0  
[2019/08/15 20:14:21 933] ns         439  ip_is_expected=  true  
[2019/08/15 20:14:21 933] ns         447  ip_is_expected=  true  
[2019/08/15 20:14:21 933] network    445  gethttpresp2  42.62.116.35  80  ns2  
[2019/08/15 20:14:21 933] network    465  prot_type  tcp  
[2019/08/15 20:14:21 940] transport  194  [dns] [1] response 59.107.24.5  
[2019/08/15 20:14:21 940] transport  202  59  107  24  5  
[2019/08/15 20:14:21 940] transport  204  ipv =  v4  
[2019/08/15 20:14:21 940] transport  208  dns ip is v4  
[2019/08/15 20:14:21 941] transport  130  iplist not avail  
[2019/08/15 20:14:21 942] transport  247  no iplist now  
[2019/08/15 20:14:21 942] network    95   iptoenv ,  ipcache  open.xf-yun.com  def  59.107.24.5  
[2019/08/15 20:14:21 944] transport  291  dns cb start conn  
[2019/08/15 20:14:21 944] transport  1303 [soc] connect   59.107.24.5  1028  
[2019/08/15 20:14:21 944] transport  1315 mspsoc.open,prot_type=  tcp  
[2019/08/15 20:14:21 992] network    350  connected  ns2  
[2019/08/15 20:14:21 994] transport  473  [soc] [1] connected  
[2019/08/15 20:14:21 995] transport  1797 transport_obj.try2send | in  
[2019/08/15 20:14:21 995] transport  1798 self.soc  udata(f002b9c8) 
[2019/08/15 20:14:21 995] transport  1799 self.connected  true  
[2019/08/15 20:14:21 995] transport  1800 self.latesterr  0  
[2019/08/15 20:14:21 996] transport  1817 transport:try2send,#msg_q=  1  
[2019/08/15 20:14:21 996] transport  1358 build http request.  
[2019/08/15 20:14:21 997] transport  1475 POST /msp.do HTTP/1.1
X-Sub: auth
X-Par: ver=MSSP+0%2E9&sub=auth&cmd=lgi&cver=5%2E0%2E41%2E1218&key=08WqvkcvqK5Pw=
Host: open.xf-yun.com
CT: multipart/mixed;boundary=--
CL: 331

----
Content-Length:56
Content-Type:text/appinfo
Content-Encoding:gzip,encrypt/0.2

 Æîh[«òÅ  
[2019/08/15 20:14:21 998] transport  1817 transport:try2send,#msg_q=  0  
[2019/08/15 20:14:21 999] network    353  send ok  268  ns2  
[2019/08/15 20:14:21 999] transport  482  [soc] [1] send ok  516  
[2019/08/15 20:14:21 999] transport  1797 transport_obj.try2send | in  
[2019/08/15 20:14:21 999] transport  1798 self.soc  udata(f002b9c8) 
[2019/08/15 20:14:21 999] transport  1799 self.connected  true  
[2019/08/15 20:14:21 999] transport  1800 self.latesterr  0  
[2019/08/15 20:14:21 999] transport  1817 transport:try2send,#msg_q=  0  
[2019/08/15 20:14:22 063] network    362  readable  ns2  
[2019/08/15 20:14:22 064] network    366  HTTP/1.1 200 OK
Date: Thu, 15 Aug 2019 12:14:22 GMT
Content-Type: application/json
Content-Length: 307
Connection: keep-alive
Server: iflytek/hdns

{"dns":[{"host":"open.xf-yun.com","sip":[{"svc":"ath","ips":[{"ip":"59.107.24.11","port":980,"idc":"gz"},{"ip":"59.107.24.5","port":80,"idc":"gz"}],"ttl":6000,"compel":0}]}],"default":[{"host":"open.xf-yun.com","sip":[{"svc":"ath","ips":[{"ip":"59.107.24.5","port":80,"idc":"gz"}],"ttl":6000,"compel":0}]}]}  
[2019/08/15 20:14:22 065] ns         256  name server http resp  table(f0061c30) 0  udata(f0053478) 
[2019/08/15 20:14:22 066] ns         269  ns response OK for this time!  
[2019/08/15 20:14:22 066] ns         280  from_server=  iflytek/hdns  
[2019/08/15 20:14:22 067] ns         363  compel :  0  
[2019/08/15 20:14:22 067] ns         374  tick()=  1408673  
[2019/08/15 20:14:22 067] ns         378  tick()mod=  1408673  
[2019/08/15 20:14:22 067] ns         379  ns_host=  open.xf-yun.com  
[2019/08/15 20:14:22 067] ns         392  ns_host=  open.xf-yun.com  
[2019/08/15 20:14:22 067] transport  1065 ns_ip =   59.107.24.11  
[2019/08/15 20:14:22 067] transport  1066 ip_type =  assigned_athopen.xf-yun.com_host  
[2019/08/15 20:14:22 067] ns         658  no data in ns_q  
[2019/08/15 20:14:22 068] ns         659  conti_ns,ns_inprog =   1  
[2019/08/15 20:14:22 068] transport  494  [soc] [1] readable  
[2019/08/15 20:14:22 068] transport  1765 HTTP/1.1 200 OK
Content-Length: 1
X-Req-Date: 2019/08/15 20:14:22 38
X-Par: ver=MSSP+0%2E9&ret=0&cver=5%2E0%2E41%2E1218&uid=d13574428581&key=0bw9^WqtyfqsSPRzlPdc3q8LwEl2l^6QxUhMDjG3MW7xW^^GHVr44O7L3OhtW1JH8X4lYabAxHK53iqjMMDxue9OKqMwwPG570
CT: text/plain
CL: 1
Content-Length: 1
X-Res-Date: 2019/08/15 20:14:22 47

0  
[2019/08/15 20:14:22 068] transport  1493 a_complete_httpmessage  200  
[2019/08/15 20:14:22 068] transport  1603 is_update  false  
[2019/08/15 20:14:22 068] lgi        99   [trans] [id = lgi_] readable  
[2019/08/15 20:14:22 069] network    90   ipfromenv ,  ipcache  open.xf-yun.com  def  59.107.24.5  
[2019/08/15 20:14:22 069] transport  981  cached ip is confirmed  
[2019/08/15 20:14:22 069] transport  1331 [soc] disconnect   
[2019/08/15 20:14:22 069] transport  991  transport clean  
[2019/08/15 20:14:22 070] lgi        130  lgi resp!  
[2019/08/15 20:14:22 070] lgi        137  lgi ok!  
[2019/08/15 20:14:22 070] lgi        145  unkown  d13574428581  
[2019/08/15 20:14:22 070] lgi        69   notify_lgi_result, ret=0, loginid=d13574428581@5d3fde6d  
[2019/08/15 20:14:26 848] lgi        689  SYS_MSG_SHUTDOWN  
