============================================================
Time  2019/08/14 21:29:33 310 
============================================================
[2019/08/14 21:29:33 310] tts        818  SYS_MSG_REGCB param0 =  msp_status_cb  param1 =  func(90014e60) 
[2019/08/14 21:29:33 312] config     43   use general cloud  
[2019/08/14 21:29:33 316] tts_cloud  1438 SYS_MSG_REGCB_CLOUD param0 =   msp_status_cb  param1 =  func(90014e60) 
[2019/08/14 21:29:33 317] tts        789  TTS_MSG_SSB  
[2019/08/14 21:29:33 317] tts        441  params =  voice_name = xiaoyan, text_encoding = utf8, sample_rate = 16000, speed = 50, volume = 50, pitch = 50, rdn = 2  
[2019/08/14 21:29:33 317] tts        482  ssb|use cloud  
[2019/08/14 21:29:33 317] tts_cloud  1409 SYS_MSG_LOAD_CLOUD  
[2019/08/14 21:29:33 317] tts_cloud  964  TTS_MSG_SSB_CLOUD  
[2019/08/14 21:29:33 318] tts_cloud  987  tts  ctts1P1HHBHj-mqhHCw1raatCYCKalOauFq  268436457  1537257011  
[2019/08/14 21:29:33 318] tts_cloud  1033 not login!  
[2019/08/14 21:29:33 318] tts_cloud  1164 need_decode  true  
[2019/08/14 21:29:33 318] tts_cloud  1165 aue=  speex-wb;7   auf=  audio/L16;rate=16000  
[2019/08/14 21:29:33 320] tts_cloud  1187 User set url is   nil  
[2019/08/14 21:29:33 321] transport  645  paramkvsport is   nil  
[2019/08/14 21:29:33 321] transport  657  ns_enable=  1  
[2019/08/14 21:29:33 321] transport  659  2017-08--24 is_ns_need_close =   nil  
[2019/08/14 21:29:33 321] transport  665  net.nettype=  unknown  
[2019/08/14 21:29:33 321] transport  675  url.full=  nil  
[2019/08/14 21:29:33 321] transport  676  urltmp=  nil  
[2019/08/14 21:29:33 321] transport  680  server_url_host=, server_url_port=, server_url_path=  open.xf-yun.com  nil  /msp.do  
[2019/08/14 21:29:33 321] transport  708  url.full=  nil  
[2019/08/14 21:29:33 321] transport  907  net type:  unknown  
[2019/08/14 21:29:33 321] transport  908  net operator:  def  
[2019/08/14 21:29:33 322] transport  909  use proxy:  false  
[2019/08/14 21:29:33 322] transport  1107 session.domain=  open.xf-yun.com  
[2019/08/14 21:29:33 322] transport  1108 url.host=  open.xf-yun.com  
[2019/08/14 21:29:33 322] network    90   ipfromenv ,  ipcache  open.xf-yun.com  def  nil  
[2019/08/14 21:29:33 322] transport  1178 try preferred port:  nil  
[2019/08/14 21:29:33 322] transport  1085 NAMESERVER START  
[2019/08/14 21:29:33 322] transport  1088 name =   tts  
[2019/08/14 21:29:33 323] ns         629  ntt=  unknown  
[2019/08/14 21:29:33 323] transport  1091 trans,ns_inprog =  0  
[2019/08/14 21:29:33 323] ns         585  name server start  
[2019/08/14 21:29:33 323] ns         586  ns_sub =   tts  
[2019/08/14 21:29:33 323] ns         588  ns_host=  open.xf-yun.com  
[2019/08/14 21:29:33 323] ns         479  ns_host=  open.xf-yun.com  
[2019/08/14 21:29:33 323] ns         558  GET /sip/resolver?srand=0814212911.32 HTTP/1.1
Host: hdns.xf-yun.com
Connection: Keep-Alive
X-Par: ver=1.3&appid=59a4c2a0&operator=UNKNOW&nettype=STANDARD&cver=5.0.41.1218&svc=tts&host=open.xf-yun.com&sign=1e6c7a7060636e3533e6c8dca5dbfdc4
User-Agent: iFLYCloud

  
[2019/08/14 21:29:33 323] ns         559  net_type =  standard  
[2019/08/14 21:29:33 323] ns         560  cmwapascmnet =  
[2019/08/14 21:29:33 323] ns         561  uniwapasuninet =  
[2019/08/14 21:29:33 323] ns         562  ctwapasctnet =  
[2019/08/14 21:29:33 324] ns         579  host=  hdns.xf-yun.com  
[2019/08/14 21:29:33 324] network    263  gethostbyname  hdns.xf-yun.com  ns1  
[2019/08/14 21:29:33 324] tts        796  TTS_MSG_SYN  0  
[2019/08/14 21:29:33 324] tts        548  synth|use cloud  
[2019/08/14 21:29:33 324] tts_cloud  1207 TTS_MSG_SYN_CLOUD  
[2019/08/14 21:29:33 325] tts_cloud  1218 remote_connected =  false  
[2019/08/14 21:29:33 326] tts        799  TTS_MSG_GETAUDIO  0  
[2019/08/14 21:29:33 326] tts        681  get audio|use cloud  
[2019/08/14 21:29:33 326] tts_cloud  1302 TTS_MSG_GETAUDIO_CLOUD | synth_status  1  
[2019/08/14 21:29:33 328] network    245  dns resp  0  ns1  
[2019/08/14 21:29:33 328] ns         425  ns dns ok  42.62.116.34  
[2019/08/14 21:29:33 328] ns         205  iplist not avail  
[2019/08/14 21:29:33 328] ns         432  is_voicecloud_ip=  0  
[2019/08/14 21:29:33 328] ns         439  ip_is_expected=  true  
[2019/08/14 21:29:33 328] ns         447  ip_is_expected=  true  
[2019/08/14 21:29:33 328] network    445  gethttpresp2  42.62.116.34  80  ns2  
[2019/08/14 21:29:33 329] network    465  prot_type  tcp  
[2019/08/14 21:29:33 358] transport  194  [dns] [1] response 59.107.24.5  
[2019/08/14 21:29:33 358] transport  202  59  107  24  5  
[2019/08/14 21:29:33 358] transport  204  ipv =  v4  
[2019/08/14 21:29:33 358] transport  208  dns ip is v4  
[2019/08/14 21:29:33 358] transport  130  iplist not avail  
[2019/08/14 21:29:33 358] transport  247  no iplist now  
[2019/08/14 21:29:33 359] network    95   iptoenv ,  ipcache  open.xf-yun.com  def  59.107.24.5  
[2019/08/14 21:29:33 360] transport  291  dns cb start conn  
[2019/08/14 21:29:33 360] transport  1303 [soc] connect   59.107.24.5  1028  
[2019/08/14 21:29:33 360] transport  1315 mspsoc.open,prot_type=  tcp  
[2019/08/14 21:29:33 413] transport  473  [soc] [1] connected  
[2019/08/14 21:29:33 414] tts_cloud  296  text =  udata(90086ab8) 
[2019/08/14 21:29:33 414] tts_cloud  724  send ssb request  
[2019/08/14 21:29:33 414] tts_cloud  589  lver:  nil  
[2019/08/14 21:29:33 414] tts_cloud  594  cfg_ver:  nil  
[2019/08/14 21:29:33 414] transport  1858 transport_obj.send | in  
[2019/08/14 21:29:33 414] transport  1864 self.msg_flag_q  table(900850d0) 
[2019/08/14 21:29:33 414] transport  1865 self.msg_q  table(90085080) 
[2019/08/14 21:29:33 414] transport  1797 transport_obj.try2send | in  
[2019/08/14 21:29:33 414] transport  1798 self.soc  udata(9001f4f8) 
[2019/08/14 21:29:33 414] transport  1799 self.connected  false  
[2019/08/14 21:29:33 415] transport  1800 self.latesterr  0  
[2019/08/14 21:29:33 415] transport  1871 transport_obj.send | out  
[2019/08/14 21:29:33 415] transport  1797 transport_obj.try2send | in  
[2019/08/14 21:29:33 415] transport  1798 self.soc  udata(9001f4f8) 
[2019/08/14 21:29:33 415] transport  1799 self.connected  true  
[2019/08/14 21:29:33 415] transport  1800 self.latesterr  0  
[2019/08/14 21:29:33 415] transport  1817 transport:try2send,#msg_q=  1  
[2019/08/14 21:29:33 415] transport  1358 build http request.  
[2019/08/14 21:29:33 416] transport  1475 POST /msp.do HTTP/1.1
X-Sub: tts
X-Par: ver=MSSP+0%2E9&sub=tts&cmd=ssb&aue=speex%2Dwb%3B7&auf=audio%2FL16%3Brate%3D16000&cver=5%2E0%2E41%2E1218&net%5Ftype=unknown&csid=ctts1P1HHBHj%2DmqhHCw1raatCYCKalOauFq&key=0c4G4KJ85svIzVh36^sC5vhg==
Host: open.xf-yun.com
CT: multipart/mixed;boundary=--
CL: 524

----
Content-Length:56
Content-Type:binary/synth+text
Content-Encoding:gzip,encrypt/0.2

s◊~1S-Sø5Í ‹≠ä–§µ–∫ö—éê›üü”ç∞”êØ—çµ‹é´–¢ªT° „  
[2019/08/14 21:29:33 417] transport  1817 transport:try2send,#msg_q=  0  
[2019/08/14 21:29:33 417] transport  482  [soc] [1] send ok  831  
[2019/08/14 21:29:33 417] transport  1797 transport_obj.try2send | in  
[2019/08/14 21:29:33 417] transport  1798 self.soc  udata(9001f4f8) 
[2019/08/14 21:29:33 417] transport  1799 self.connected  true  
[2019/08/14 21:29:33 417] transport  1800 self.latesterr  0  
[2019/08/14 21:29:33 418] transport  1817 transport:try2send,#msg_q=  0  
[2019/08/14 21:29:33 424] network    350  connected  ns2  
[2019/08/14 21:29:33 425] network    353  send ok  268  ns2  
[2019/08/14 21:29:33 464] transport  494  [soc] [1] readable  
[2019/08/14 21:29:33 465] transport  1765 HTTP/1.1 200 OK
Content-Type: text/plain
Content-Length: 1
X-Par: ver=MSSP+0%2E9&ret=10407&cver=5%2E0%2E41%2E1218&key=0dxffHxQZd5sSO0hKVGNQMC5H09wSNd0Y3xo1bzim5TQ^cacJAk0EnHT6kN2eGC0KN
X-Req-Date: 2019/08/14 21:29:33 964
CL: 1
X-Res-Date: 2019/08/14 21:29:33 968

0  
[2019/08/14 21:29:33 465] transport  1493 a_complete_httpmessage  200  
[2019/08/14 21:29:33 465] transport  1603 is_update  true  
[2019/08/14 21:29:33 465] tts_cloud  317  [trans] [tts_cloudctts1P1HHBHj-mqhHCw1raatCYCKalOauFq] readable  
[2019/08/14 21:29:33 465] tts_cloud  338  MSS:bad response:10407  
[2019/08/14 21:29:33 465] tts_cloud  341  bad sid =   tts0001bb58@gz16c9051c50950ea812  
[2019/08/14 21:29:33 477] tts        799  TTS_MSG_GETAUDIO  0  
[2019/08/14 21:29:33 477] tts        681  get audio|use cloud  
[2019/08/14 21:29:33 477] tts_cloud  1302 TTS_MSG_GETAUDIO_CLOUD | synth_status  1  
[2019/08/14 21:29:33 477] tts        802  TTS_MSG_SSE  
[2019/08/14 21:29:33 478] tts        774  sse|use cloud  
[2019/08/14 21:29:33 478] tts_cloud  1305 TTS_MSG_SSE_CLOUD  
[2019/08/14 21:29:33 478] tts_cloud  853  tts session info  
